[TRACE] 20190717T135855.17+0100 [main] Hooks - Executing beforeAll, about to check 'dunit' value
[TRACE] 20190717T135855.18+0100 [main] Hooks - Initialising before first scenario.
[DEBUG] 20190717T135855.76+0100 [main] Hooks - @Before scenario Create feature file in target folder
[DEBUG] 20190717T135855.77+0100 [main] Hooks - @web
[DEBUG] 20190717T135855.77+0100 [main] Hooks - @dev
[DEBUG] 20190717T135855.85+0100 [main] Hooks - @After scenario Create feature file in target folder
[DEBUG] 20190717T135855.86+0100 [main] Hooks - @web
[DEBUG] 20190717T135855.86+0100 [main] Hooks - @dev
[TRACE] 20190717T135855.94+0100 [main] Hooks - Executing beforeAll, about to check 'dunit' value
[DEBUG] 20190717T135855.94+0100 [main] Hooks - @Before scenario Check title of issue PUBLICA-1
[DEBUG] 20190717T135855.98+0100 [main] Hooks - @web
[DEBUG] 20190717T135855.98+0100 [main] Hooks - @dev
[DEBUG] 20190717T135910.910+0100 [main] Hooks - @After scenario Check title of issue PUBLICA-1
[DEBUG] 20190717T135910.911+0100 [main] Hooks - @web
[DEBUG] 20190717T135910.911+0100 [main] Hooks - @dev
[TRACE] 20190717T135910.982+0100 [Thread-0] Hooks - Executing shutdownHook.
[TRACE] 20190717T135910.985+0100 [Thread-0] Hooks - Executing afterAll
[TRACE] 20190717T141612.588+0100 [main] Hooks - Executing beforeAll, about to check 'dunit' value
[TRACE] 20190717T141612.589+0100 [main] Hooks - Initialising before first scenario.
[DEBUG] 20190717T141612.642+0100 [main] Hooks - @Before scenario Create feature file in target folder
[DEBUG] 20190717T141612.642+0100 [main] Hooks - @web
[DEBUG] 20190717T141612.643+0100 [main] Hooks - @dev
[DEBUG] 20190717T141612.652+0100 [main] Hooks - @After scenario Create feature file in target folder
[DEBUG] 20190717T141612.653+0100 [main] Hooks - @web
[DEBUG] 20190717T141612.653+0100 [main] Hooks - @dev
[TRACE] 20190717T141612.665+0100 [main] Hooks - Executing beforeAll, about to check 'dunit' value
[DEBUG] 20190717T141612.665+0100 [main] Hooks - @Before scenario Check title of issue PUBLICA-1
[DEBUG] 20190717T141612.666+0100 [main] Hooks - @web
[DEBUG] 20190717T141612.666+0100 [main] Hooks - @dev
[DEBUG] 20190717T141627.685+0100 [main] Hooks - @After scenario Check title of issue PUBLICA-1
[DEBUG] 20190717T141627.685+0100 [main] Hooks - @web
[DEBUG] 20190717T141627.685+0100 [main] Hooks - @dev
[TRACE] 20190717T141627.961+0100 [Thread-0] Hooks - Executing shutdownHook.
[TRACE] 20190717T141627.963+0100 [Thread-0] Hooks - Executing afterAll
[DEBUG] 20190717T141927.337+0100 [main] Hooks - @Before scenario Check title of issue PUBLICA-1
[DEBUG] 20190717T141927.340+0100 [main] Hooks - @web
[DEBUG] 20190717T141927.343+0100 [main] Hooks - @dev
[TRACE] 20190717T141927.348+0100 [main] Hooks - Executing beforeAll, about to check 'dunit' value
[TRACE] 20190717T141927.348+0100 [main] Hooks - Initialising before first scenario.
[DEBUG] 20190717T141942.244+0100 [main] Hooks - @After scenario Check title of issue PUBLICA-1
[DEBUG] 20190717T141942.244+0100 [main] Hooks - @web
[DEBUG] 20190717T141942.244+0100 [main] Hooks - @dev
[TRACE] 20190717T141942.305+0100 [Thread-0] Hooks - Executing shutdownHook.
[TRACE] 20190717T141942.306+0100 [Thread-0] Hooks - Executing afterAll
[TRACE] 20190717T142044.469+0100 [main] Hooks - Executing beforeAll, about to check 'dunit' value
[TRACE] 20190717T142044.471+0100 [main] Hooks - Initialising before first scenario.
[DEBUG] 20190717T142044.524+0100 [main] Hooks - @Before scenario Check title of issue PUBLICA-1
[DEBUG] 20190717T142044.525+0100 [main] Hooks - @web
[DEBUG] 20190717T142044.525+0100 [main] Hooks - @dev
[DEBUG] 20190717T142059.398+0100 [main] Hooks - @After scenario Check title of issue PUBLICA-1
[DEBUG] 20190717T142059.398+0100 [main] Hooks - @web
[DEBUG] 20190717T142059.399+0100 [main] Hooks - @dev
[TRACE] 20190717T142059.544+0100 [Thread-0] Hooks - Executing shutdownHook.
[TRACE] 20190717T142059.553+0100 [Thread-0] Hooks - Executing afterAll
[TRACE] 20190717T142419.109+0100 [main] Hooks - Executing beforeAll, about to check 'dunit' value
[TRACE] 20190717T142419.111+0100 [main] Hooks - Initialising before first scenario.
[DEBUG] 20190717T142419.113+0100 [main] TestConfiguration - File DOES exist
[DEBUG] 20190717T142419.205+0100 [main] Hooks - @Before scenario Create feature file in target folder
[DEBUG] 20190717T142419.205+0100 [main] Hooks - @web
[DEBUG] 20190717T142419.206+0100 [main] Hooks - @dev
[DEBUG] 20190717T142419.216+0100 [main] Hooks - @After scenario Create feature file in target folder
[DEBUG] 20190717T142419.216+0100 [main] Hooks - @web
[DEBUG] 20190717T142419.216+0100 [main] Hooks - @dev
[TRACE] 20190717T142419.223+0100 [main] Hooks - Executing beforeAll, about to check 'dunit' value
[DEBUG] 20190717T142419.224+0100 [main] Hooks - @Before scenario Check title of issue PUBLICA-1
[DEBUG] 20190717T142419.226+0100 [main] Hooks - @web
[DEBUG] 20190717T142419.226+0100 [main] Hooks - @dev
[DEBUG] 20190717T142433.587+0100 [main] Hooks - @After scenario Check title of issue PUBLICA-1
[DEBUG] 20190717T142433.588+0100 [main] Hooks - @web
[DEBUG] 20190717T142433.588+0100 [main] Hooks - @dev
[TRACE] 20190717T142433.658+0100 [Thread-0] Hooks - Executing shutdownHook.
[TRACE] 20190717T142433.661+0100 [Thread-0] Hooks - Executing afterAll
[DEBUG] 20190717T143230.996+0100 [main] Hooks - @Before scenario Create feature file in target folder
[DEBUG] 20190717T143230.998+0100 [main] Hooks - @web
[DEBUG] 20190717T143230.998+0100 [main] Hooks - @dev
[TRACE] 20190717T143231.02+0100 [main] Hooks - Executing beforeAll, about to check 'dunit' value
[TRACE] 20190717T143231.02+0100 [main] Hooks - Initialising before first scenario.
[DEBUG] 20190717T143231.04+0100 [main] TestConfiguration - File DOES exist
[DEBUG] 20190717T143231.123+0100 [main] IssueInstance - Tam Sending get request for resource:  /rest/api/2/issue/CDAFSBX-13/
[DEBUG] 20190717T143231.125+0100 [main] JiraApi - About to create new URL object
[DEBUG] 20190717T143231.126+0100 [main] JiraApi - About to open uri null://null/rest/api/2/issue/CDAFSBX-13/
[DEBUG] 20190717T143231.138+0100 [main] Hooks - @After scenario Create feature file in target folder
[DEBUG] 20190717T143231.138+0100 [main] Hooks - @web
[DEBUG] 20190717T143231.139+0100 [main] Hooks - @dev
[DEBUG] 20190717T143231.161+0100 [main] Hooks - @Before scenario Check title of issue PUBLICA-1
[DEBUG] 20190717T143231.162+0100 [main] Hooks - @web
[DEBUG] 20190717T143231.162+0100 [main] Hooks - @dev
[TRACE] 20190717T143231.163+0100 [main] Hooks - Executing beforeAll, about to check 'dunit' value
[DEBUG] 20190717T143245.775+0100 [main] Hooks - @After scenario Check title of issue PUBLICA-1
[DEBUG] 20190717T143245.776+0100 [main] Hooks - @web
[DEBUG] 20190717T143245.776+0100 [main] Hooks - @dev
[TRACE] 20190717T143245.879+0100 [Thread-0] Hooks - Executing shutdownHook.
[TRACE] 20190717T143245.880+0100 [Thread-0] Hooks - Executing afterAll
[DEBUG] 20190717T143719.826+0100 [main] Hooks - @Before scenario Create feature file in target folder
[DEBUG] 20190717T143719.828+0100 [main] Hooks - @web
[DEBUG] 20190717T143719.828+0100 [main] Hooks - @dev
[TRACE] 20190717T143719.832+0100 [main] Hooks - Executing beforeAll, about to check 'dunit' value
[TRACE] 20190717T143719.832+0100 [main] Hooks - Initialising before first scenario.
[DEBUG] 20190717T143719.835+0100 [main] TestConfiguration - File DOES exist
[DEBUG] 20190717T143719.892+0100 [main] TestConfiguration - Value is firefox
[DEBUG] 20190717T143719.893+0100 [main] TestConfiguration - Value is C:\cdaf_tools\SeleniumWebDriver\
[DEBUG] 20190717T143719.894+0100 [main] TestConfiguration - Value is target/test-classes/features
[DEBUG] 20190717T143719.894+0100 [main] TestConfiguration - Value is com.acutest.cdafjirajira.stepdefs
[DEBUG] 20190717T143719.894+0100 [main] TestConfiguration - Value is https
[DEBUG] 20190717T143719.896+0100 [main] TestConfiguration - Value is 10809
[DEBUG] 20190717T143719.896+0100 [main] TestConfiguration - Value is 10501
[DEBUG] 20190717T143719.896+0100 [main] TestConfiguration - Value is 10817
[DEBUG] 20190717T143719.897+0100 [main] TestConfiguration - Value is 10500
[DEBUG] 20190717T143719.898+0100 [main] TestConfiguration - Value is acutesttraining.atlassian.net
[DEBUG] 20190717T143719.898+0100 [main] TestConfiguration - Value is true
[DEBUG] 20190717T143719.899+0100 [main] TestConfiguration - Value is tam.norris@acutest.com
[DEBUG] 20190717T143719.914+0100 [main] IssueInstance - Tam Sending get request for resource:  /rest/api/2/issue/CDAFSBX-13/
[DEBUG] 20190717T143719.915+0100 [main] JiraApi - About to create new URL object
[DEBUG] 20190717T143719.915+0100 [main] JiraApi - About to open uri null://null/rest/api/2/issue/CDAFSBX-13/
[DEBUG] 20190717T143719.931+0100 [main] Hooks - @After scenario Create feature file in target folder
[DEBUG] 20190717T143719.931+0100 [main] Hooks - @web
[DEBUG] 20190717T143719.932+0100 [main] Hooks - @dev
[DEBUG] 20190717T143719.939+0100 [main] Hooks - @Before scenario Check title of issue PUBLICA-1
[DEBUG] 20190717T143719.939+0100 [main] Hooks - @web
[DEBUG] 20190717T143719.940+0100 [main] Hooks - @dev
[TRACE] 20190717T143719.941+0100 [main] Hooks - Executing beforeAll, about to check 'dunit' value
[DEBUG] 20190717T143734.929+0100 [main] Hooks - @After scenario Check title of issue PUBLICA-1
[DEBUG] 20190717T143734.929+0100 [main] Hooks - @web
[DEBUG] 20190717T143734.930+0100 [main] Hooks - @dev
[TRACE] 20190717T143735.60+0100 [Thread-0] Hooks - Executing shutdownHook.
[TRACE] 20190717T143735.62+0100 [Thread-0] Hooks - Executing afterAll
[TRACE] 20190717T144243.560+0100 [main] Hooks - Executing beforeAll, about to check 'dunit' value
[TRACE] 20190717T144243.561+0100 [main] Hooks - Initialising before first scenario.
[DEBUG] 20190717T144243.563+0100 [main] TestConfiguration - File DOES exist
[DEBUG] 20190717T144243.631+0100 [main] TestConfiguration - Value is firefox
[DEBUG] 20190717T144243.632+0100 [main] TestConfiguration - setProperty firefox
[DEBUG] 20190717T144243.632+0100 [main] TestConfiguration - Value is C:\cdaf_tools\SeleniumWebDriver\
[DEBUG] 20190717T144243.633+0100 [main] TestConfiguration - setProperty C:\cdaf_tools\SeleniumWebDriver\
[DEBUG] 20190717T144243.634+0100 [main] TestConfiguration - Value is target/test-classes/features
[DEBUG] 20190717T144243.637+0100 [main] TestConfiguration - setProperty target/test-classes/features
[DEBUG] 20190717T144243.638+0100 [main] TestConfiguration - Value is com.acutest.cdafjirajira.stepdefs
[DEBUG] 20190717T144243.639+0100 [main] TestConfiguration - setProperty com.acutest.cdafjirajira.stepdefs
[DEBUG] 20190717T144243.639+0100 [main] TestConfiguration - Value is https
[DEBUG] 20190717T144243.640+0100 [main] TestConfiguration - setProperty https
[DEBUG] 20190717T144243.641+0100 [main] TestConfiguration - Value is 10809
[DEBUG] 20190717T144243.642+0100 [main] TestConfiguration - setProperty 10809
[DEBUG] 20190717T144243.643+0100 [main] TestConfiguration - Value is 10501
[DEBUG] 20190717T144243.643+0100 [main] TestConfiguration - setProperty 10501
[DEBUG] 20190717T144243.644+0100 [main] TestConfiguration - Value is 10817
[DEBUG] 20190717T144243.644+0100 [main] TestConfiguration - setProperty 10817
[DEBUG] 20190717T144243.644+0100 [main] TestConfiguration - Value is 10500
[DEBUG] 20190717T144243.645+0100 [main] TestConfiguration - setProperty 10500
[DEBUG] 20190717T144243.645+0100 [main] TestConfiguration - Value is acutesttraining.atlassian.net
[DEBUG] 20190717T144243.645+0100 [main] TestConfiguration - setProperty acutesttraining.atlassian.net
[DEBUG] 20190717T144243.646+0100 [main] TestConfiguration - Value is true
[DEBUG] 20190717T144243.646+0100 [main] TestConfiguration - setProperty true
[DEBUG] 20190717T144243.646+0100 [main] TestConfiguration - Value is tam.norris@acutest.com
[DEBUG] 20190717T144243.646+0100 [main] TestConfiguration - setProperty tam.norris@acutest.com
[DEBUG] 20190717T144243.649+0100 [main] Hooks - @Before scenario Create feature file in target folder
[DEBUG] 20190717T144243.650+0100 [main] Hooks - @web
[DEBUG] 20190717T144243.650+0100 [main] Hooks - @dev
[DEBUG] 20190717T144243.664+0100 [main] IssueInstance - Tam Sending get request for resource:  /rest/api/2/issue/CDAFSBX-13/
[DEBUG] 20190717T144243.666+0100 [main] JiraApi - About to create new URL object
[DEBUG] 20190717T144243.667+0100 [main] JiraApi - About to open uri null://null/rest/api/2/issue/CDAFSBX-13/
[DEBUG] 20190717T144243.682+0100 [main] Hooks - @After scenario Create feature file in target folder
[DEBUG] 20190717T144243.682+0100 [main] Hooks - @web
[DEBUG] 20190717T144243.682+0100 [main] Hooks - @dev
[TRACE] 20190717T144243.691+0100 [main] Hooks - Executing beforeAll, about to check 'dunit' value
[DEBUG] 20190717T144243.691+0100 [main] Hooks - @Before scenario Check title of issue PUBLICA-1
[DEBUG] 20190717T144243.691+0100 [main] Hooks - @web
[DEBUG] 20190717T144243.692+0100 [main] Hooks - @dev
[DEBUG] 20190717T144258.806+0100 [main] Hooks - @After scenario Check title of issue PUBLICA-1
[DEBUG] 20190717T144258.806+0100 [main] Hooks - @web
[DEBUG] 20190717T144258.807+0100 [main] Hooks - @dev
[TRACE] 20190717T144258.901+0100 [Thread-0] Hooks - Executing shutdownHook.
[TRACE] 20190717T144258.902+0100 [Thread-0] Hooks - Executing afterAll
[TRACE] 20190717T145651.715+0100 [main] Hooks - Executing beforeAll, about to check 'dunit' value
[TRACE] 20190717T145651.716+0100 [main] Hooks - Initialising before first scenario.
[DEBUG] 20190717T145651.717+0100 [main] TestConfiguration - File DOES exist
[DEBUG] 20190717T145651.789+0100 [main] TestConfiguration - Value is firefox
[DEBUG] 20190717T145651.789+0100 [main] TestConfiguration - Value is C:\cdaf_tools\SeleniumWebDriver\
[DEBUG] 20190717T145651.789+0100 [main] TestConfiguration - Value is target/test-classes/features
[DEBUG] 20190717T145651.789+0100 [main] TestConfiguration - Value is com.acutest.cdafjirajira.stepdefs
[DEBUG] 20190717T145651.790+0100 [main] TestConfiguration - Value is https
[DEBUG] 20190717T145651.790+0100 [main] TestConfiguration - Value is 10809
[DEBUG] 20190717T145651.791+0100 [main] TestConfiguration - Value is 10501
[DEBUG] 20190717T145651.792+0100 [main] TestConfiguration - Value is 10817
[DEBUG] 20190717T145651.792+0100 [main] TestConfiguration - Value is 10500
[DEBUG] 20190717T145651.793+0100 [main] TestConfiguration - Value is acutesttraining.atlassian.net
[DEBUG] 20190717T145651.794+0100 [main] TestConfiguration - Value is true
[DEBUG] 20190717T145651.794+0100 [main] TestConfiguration - Value is tam.norris@acutest.com
[DEBUG] 20190717T145651.799+0100 [main] Hooks - @Before scenario Create feature file in target folder
[DEBUG] 20190717T145651.801+0100 [main] Hooks - @web
[DEBUG] 20190717T145651.802+0100 [main] Hooks - @dev
[DEBUG] 20190717T145651.820+0100 [main] IssueInstance - Tam Sending get request for resource:  /rest/api/2/issue/CDAFSBX-13/
[DEBUG] 20190717T145651.822+0100 [main] JiraApi - About to create new URL object
[DEBUG] 20190717T145651.822+0100 [main] JiraApi - About to open uri null://null/rest/api/2/issue/CDAFSBX-13/
[DEBUG] 20190717T145651.854+0100 [main] Hooks - @After scenario Create feature file in target folder
[DEBUG] 20190717T145651.855+0100 [main] Hooks - @web
[DEBUG] 20190717T145651.856+0100 [main] Hooks - @dev
[TRACE] 20190717T145651.875+0100 [main] Hooks - Executing beforeAll, about to check 'dunit' value
[DEBUG] 20190717T145651.875+0100 [main] Hooks - @Before scenario Check title of issue PUBLICA-1
[DEBUG] 20190717T145651.875+0100 [main] Hooks - @web
[DEBUG] 20190717T145651.876+0100 [main] Hooks - @dev
[DEBUG] 20190717T145709.21+0100 [main] Hooks - @After scenario Check title of issue PUBLICA-1
[DEBUG] 20190717T145709.21+0100 [main] Hooks - @web
[DEBUG] 20190717T145709.21+0100 [main] Hooks - @dev
[TRACE] 20190717T145709.170+0100 [Thread-0] Hooks - Executing shutdownHook.
[DEBUG] 20190717T152423.171+0100 [main] Hooks - @Before scenario Create feature file in target folder
[DEBUG] 20190717T152423.173+0100 [main] Hooks - @web
[DEBUG] 20190717T152423.174+0100 [main] Hooks - @dev
[TRACE] 20190717T152423.177+0100 [main] Hooks - Executing beforeAll, about to check 'dunit' value
[TRACE] 20190717T152423.177+0100 [main] Hooks - Initialising before first scenario.
[DEBUG] 20190717T152423.256+0100 [main] Hooks - @After scenario Create feature file in target folder
[DEBUG] 20190717T152423.256+0100 [main] Hooks - @web
[DEBUG] 20190717T152423.256+0100 [main] Hooks - @dev
[DEBUG] 20190717T152423.264+0100 [main] Hooks - @Before scenario Check title of issue PUBLICA-1
[DEBUG] 20190717T152423.264+0100 [main] Hooks - @web
[DEBUG] 20190717T152423.264+0100 [main] Hooks - @dev
[TRACE] 20190717T152423.265+0100 [main] Hooks - Executing beforeAll, about to check 'dunit' value
[DEBUG] 20190717T152439.877+0100 [main] Hooks - @After scenario Check title of issue PUBLICA-1
[DEBUG] 20190717T152439.877+0100 [main] Hooks - @web
[DEBUG] 20190717T152439.877+0100 [main] Hooks - @dev
[TRACE] 20190717T152439.963+0100 [Thread-0] Hooks - Executing shutdownHook.
[TRACE] 20190717T152439.966+0100 [Thread-0] Hooks - Executing afterAll
[TRACE] 20190717T153649.844+0100 [main] JiraCukeHooks - Executing beforeScenario
[TRACE] 20190717T153649.847+0100 [main] JiraCukeHooks - Entered getTagIssueKeys
[TRACE] 20190717T153649.853+0100 [main] JiraCukeHooks - Checking scenario exists? : true
[TRACE] 20190717T153649.860+0100 [main] JiraCukeHooks - Jira issue keys found in scenario tags: 
[TRACE] 20190717T153649.860+0100 [main] JiraCukeHooks - Executing beforeAll, about to check 'dunit' value
[TRACE] 20190717T153649.860+0100 [main] JiraCukeHooks - Initialising before first scenario.
[DEBUG] 20190717T153649.862+0100 [main] JiraApi - File DOES exist
[DEBUG] 20190717T153649.923+0100 [main] IssueInstance - Tam Sending get request for resource:  /rest/api/2/issue/CDAFSBX-13/
[DEBUG] 20190717T153649.924+0100 [main] JiraApi - About to create new URL object
[DEBUG] 20190717T153649.925+0100 [main] JiraApi - About to open uri https://acutesttraining.atlassian.net/rest/api/2/issue/CDAFSBX-13/
[DEBUG] 20190717T153650.337+0100 [main] JiraApi - Connection open
[TRACE] 20190717T153650.349+0100 [main] JiraApi - GETing to https://acutesttraining.atlassian.net/rest/api/2/issue/CDAFSBX-13/
[TRACE] 20190717T153651.182+0100 [main] JiraApi - Request response code: 404
[TRACE] 20190717T153651.182+0100 [main] JiraApi - Request response message: null
[DEBUG] 20190717T153651.183+0100 [main] JiraApi - https://acutesttraining.atlassian.net/rest/api/2/issue/CDAFSBX-13/
java.io.FileNotFoundException: https://acutesttraining.atlassian.net/rest/api/2/issue/CDAFSBX-13/
	at java.base/jdk.internal.reflect.NativeConstructorAccessorImpl.newInstance0(Native Method) ~[?:?]
	at java.base/jdk.internal.reflect.NativeConstructorAccessorImpl.newInstance(NativeConstructorAccessorImpl.java:62) ~[?:?]
	at java.base/jdk.internal.reflect.DelegatingConstructorAccessorImpl.newInstance(DelegatingConstructorAccessorImpl.java:45) ~[?:?]
	at java.base/java.lang.reflect.Constructor.newInstanceWithCaller(Constructor.java:500) ~[?:?]
	at java.base/java.lang.reflect.Constructor.newInstance(Constructor.java:481) ~[?:?]
	at java.base/sun.net.www.protocol.http.HttpURLConnection$10.run(HttpURLConnection.java:1963) ~[?:?]
	at java.base/sun.net.www.protocol.http.HttpURLConnection$10.run(HttpURLConnection.java:1958) ~[?:?]
	at java.base/java.security.AccessController.doPrivileged(AccessController.java:551) ~[?:?]
	at java.base/sun.net.www.protocol.http.HttpURLConnection.getChainedException(HttpURLConnection.java:1957) ~[?:?]
	at java.base/sun.net.www.protocol.http.HttpURLConnection.getInputStream0(HttpURLConnection.java:1525) ~[?:?]
	at java.base/sun.net.www.protocol.http.HttpURLConnection.getInputStream(HttpURLConnection.java:1509) ~[?:?]
	at java.base/sun.net.www.protocol.https.HttpsURLConnectionImpl.getInputStream(HttpsURLConnectionImpl.java:246) ~[?:?]
	at com.acutest.cdaf.jiraapi.JiraApi.request(JiraApi.java:104) [jira-api-1.0.0-SNAPSHOT.jar:?]
	at com.acutest.cdaf.jiraapi.JiraApi.request(JiraApi.java:51) [jira-api-1.0.0-SNAPSHOT.jar:?]
	at com.acutest.cdaf.jiraapi.IssueInstance.loadIssue(IssueInstance.java:125) [jira-api-1.0.0-SNAPSHOT.jar:?]
	at com.acutest.cdaf.jiraapi.stepdefs.JiraApiStepDefs.the_Jira_api_loads_the_issue(JiraApiStepDefs.java:72) [jira-api-1.0.0-SNAPSHOT.jar:?]
	at java.base/jdk.internal.reflect.NativeMethodAccessorImpl.invoke0(Native Method) ~[?:?]
	at java.base/jdk.internal.reflect.NativeMethodAccessorImpl.invoke(NativeMethodAccessorImpl.java:62) ~[?:?]
	at java.base/jdk.internal.reflect.DelegatingMethodAccessorImpl.invoke(DelegatingMethodAccessorImpl.java:43) ~[?:?]
	at java.base/java.lang.reflect.Method.invoke(Method.java:567) ~[?:?]
	at cucumber.runtime.Utils$1.call(Utils.java:26) [cucumber-core-4.3.1.jar:?]
	at cucumber.runtime.Timeout.timeout(Timeout.java:16) [cucumber-core-4.3.1.jar:?]
	at cucumber.runtime.Utils.invoke(Utils.java:20) [cucumber-core-4.3.1.jar:?]
	at cucumber.runtime.java.JavaStepDefinition.execute(JavaStepDefinition.java:57) [cucumber-java-4.3.1.jar:?]
	at cucumber.runner.PickleStepDefinitionMatch.runStep(PickleStepDefinitionMatch.java:50) [cucumber-core-4.3.1.jar:?]
	at cucumber.runner.TestStep.executeStep(TestStep.java:65) [cucumber-core-4.3.1.jar:?]
	at cucumber.runner.TestStep.run(TestStep.java:50) [cucumber-core-4.3.1.jar:?]
	at cucumber.runner.PickleStepTestStep.run(PickleStepTestStep.java:43) [cucumber-core-4.3.1.jar:?]
	at cucumber.runner.TestCase.run(TestCase.java:46) [cucumber-core-4.3.1.jar:?]
	at cucumber.runner.Runner.runPickle(Runner.java:49) [cucumber-core-4.3.1.jar:?]
	at cucumber.runtime.junit.PickleRunners$NoStepDescriptions.run(PickleRunners.java:146) [cucumber-junit-4.3.1.jar:?]
	at cucumber.runtime.junit.FeatureRunner.runChild(FeatureRunner.java:68) [cucumber-junit-4.3.1.jar:?]
	at cucumber.runtime.junit.FeatureRunner.runChild(FeatureRunner.java:23) [cucumber-junit-4.3.1.jar:?]
	at org.junit.runners.ParentRunner$3.run(ParentRunner.java:238) [junit-4.11.jar:?]
	at org.junit.runners.ParentRunner$1.schedule(ParentRunner.java:63) [junit-4.11.jar:?]
	at org.junit.runners.ParentRunner.runChildren(ParentRunner.java:236) [junit-4.11.jar:?]
	at org.junit.runners.ParentRunner.access$000(ParentRunner.java:53) [junit-4.11.jar:?]
	at org.junit.runners.ParentRunner$2.evaluate(ParentRunner.java:229) [junit-4.11.jar:?]
	at org.junit.runners.ParentRunner.run(ParentRunner.java:309) [junit-4.11.jar:?]
	at cucumber.runtime.junit.FeatureRunner.run(FeatureRunner.java:73) [cucumber-junit-4.3.1.jar:?]
	at cucumber.api.junit.Cucumber.runChild(Cucumber.java:123) [cucumber-junit-4.3.1.jar:?]
	at cucumber.api.junit.Cucumber.runChild(Cucumber.java:65) [cucumber-junit-4.3.1.jar:?]
	at org.junit.runners.ParentRunner$3.run(ParentRunner.java:238) [junit-4.11.jar:?]
	at org.junit.runners.ParentRunner$1.schedule(ParentRunner.java:63) [junit-4.11.jar:?]
	at org.junit.runners.ParentRunner.runChildren(ParentRunner.java:236) [junit-4.11.jar:?]
	at org.junit.runners.ParentRunner.access$000(ParentRunner.java:53) [junit-4.11.jar:?]
	at org.junit.runners.ParentRunner$2.evaluate(ParentRunner.java:229) [junit-4.11.jar:?]
	at cucumber.api.junit.Cucumber$RunCucumber.evaluate(Cucumber.java:147) [cucumber-junit-4.3.1.jar:?]
	at org.junit.runners.ParentRunner.run(ParentRunner.java:309) [junit-4.11.jar:?]
	at org.apache.maven.surefire.junit4.JUnit4Provider.execute(JUnit4Provider.java:365) [surefire-junit4-2.22.0.jar:2.22.0]
	at org.apache.maven.surefire.junit4.JUnit4Provider.executeWithRerun(JUnit4Provider.java:273) [surefire-junit4-2.22.0.jar:2.22.0]
	at org.apache.maven.surefire.junit4.JUnit4Provider.executeTestSet(JUnit4Provider.java:238) [surefire-junit4-2.22.0.jar:2.22.0]
	at org.apache.maven.surefire.junit4.JUnit4Provider.invoke(JUnit4Provider.java:159) [surefire-junit4-2.22.0.jar:2.22.0]
	at org.apache.maven.surefire.booter.ForkedBooter.invokeProviderInSameClassLoader(ForkedBooter.java:383) [surefire-booter-2.22.0.jar:2.22.0]
	at org.apache.maven.surefire.booter.ForkedBooter.runSuitesInProcess(ForkedBooter.java:344) [surefire-booter-2.22.0.jar:2.22.0]
	at org.apache.maven.surefire.booter.ForkedBooter.execute(ForkedBooter.java:125) [surefire-booter-2.22.0.jar:2.22.0]
	at org.apache.maven.surefire.booter.ForkedBooter.main(ForkedBooter.java:417) [surefire-booter-2.22.0.jar:2.22.0]
Caused by: java.io.FileNotFoundException: https://acutesttraining.atlassian.net/rest/api/2/issue/CDAFSBX-13/
	at java.base/sun.net.www.protocol.http.HttpURLConnection.getInputStream0(HttpURLConnection.java:1909) ~[?:?]
	at java.base/sun.net.www.protocol.http.HttpURLConnection.getInputStream(HttpURLConnection.java:1509) ~[?:?]
	at java.base/java.net.HttpURLConnection.getResponseCode(HttpURLConnection.java:527) ~[?:?]
	at java.base/sun.net.www.protocol.https.HttpsURLConnectionImpl.getResponseCode(HttpsURLConnectionImpl.java:330) ~[?:?]
	at com.acutest.cdaf.jiraapi.JiraApi.request(JiraApi.java:96) ~[jira-api-1.0.0-SNAPSHOT.jar:?]
	... 44 more
[WARN ] 20190717T153651.211+0100 [main] JiraApi - https://acutesttraining.atlassian.net/rest/api/2/issue/CDAFSBX-13/
java.io.FileNotFoundException: https://acutesttraining.atlassian.net/rest/api/2/issue/CDAFSBX-13/
	at java.base/jdk.internal.reflect.NativeConstructorAccessorImpl.newInstance0(Native Method) ~[?:?]
	at java.base/jdk.internal.reflect.NativeConstructorAccessorImpl.newInstance(NativeConstructorAccessorImpl.java:62) ~[?:?]
	at java.base/jdk.internal.reflect.DelegatingConstructorAccessorImpl.newInstance(DelegatingConstructorAccessorImpl.java:45) ~[?:?]
	at java.base/java.lang.reflect.Constructor.newInstanceWithCaller(Constructor.java:500) ~[?:?]
	at java.base/java.lang.reflect.Constructor.newInstance(Constructor.java:481) ~[?:?]
	at java.base/sun.net.www.protocol.http.HttpURLConnection$10.run(HttpURLConnection.java:1963) ~[?:?]
	at java.base/sun.net.www.protocol.http.HttpURLConnection$10.run(HttpURLConnection.java:1958) ~[?:?]
	at java.base/java.security.AccessController.doPrivileged(AccessController.java:551) ~[?:?]
	at java.base/sun.net.www.protocol.http.HttpURLConnection.getChainedException(HttpURLConnection.java:1957) ~[?:?]
	at java.base/sun.net.www.protocol.http.HttpURLConnection.getInputStream0(HttpURLConnection.java:1525) ~[?:?]
	at java.base/sun.net.www.protocol.http.HttpURLConnection.getInputStream(HttpURLConnection.java:1509) ~[?:?]
	at java.base/sun.net.www.protocol.https.HttpsURLConnectionImpl.getInputStream(HttpsURLConnectionImpl.java:246) ~[?:?]
	at com.acutest.cdaf.jiraapi.JiraApi.request(JiraApi.java:104) [jira-api-1.0.0-SNAPSHOT.jar:?]
	at com.acutest.cdaf.jiraapi.JiraApi.request(JiraApi.java:51) [jira-api-1.0.0-SNAPSHOT.jar:?]
	at com.acutest.cdaf.jiraapi.IssueInstance.loadIssue(IssueInstance.java:125) [jira-api-1.0.0-SNAPSHOT.jar:?]
	at com.acutest.cdaf.jiraapi.stepdefs.JiraApiStepDefs.the_Jira_api_loads_the_issue(JiraApiStepDefs.java:72) [jira-api-1.0.0-SNAPSHOT.jar:?]
	at java.base/jdk.internal.reflect.NativeMethodAccessorImpl.invoke0(Native Method) ~[?:?]
	at java.base/jdk.internal.reflect.NativeMethodAccessorImpl.invoke(NativeMethodAccessorImpl.java:62) ~[?:?]
	at java.base/jdk.internal.reflect.DelegatingMethodAccessorImpl.invoke(DelegatingMethodAccessorImpl.java:43) ~[?:?]
	at java.base/java.lang.reflect.Method.invoke(Method.java:567) ~[?:?]
	at cucumber.runtime.Utils$1.call(Utils.java:26) [cucumber-core-4.3.1.jar:?]
	at cucumber.runtime.Timeout.timeout(Timeout.java:16) [cucumber-core-4.3.1.jar:?]
	at cucumber.runtime.Utils.invoke(Utils.java:20) [cucumber-core-4.3.1.jar:?]
	at cucumber.runtime.java.JavaStepDefinition.execute(JavaStepDefinition.java:57) [cucumber-java-4.3.1.jar:?]
	at cucumber.runner.PickleStepDefinitionMatch.runStep(PickleStepDefinitionMatch.java:50) [cucumber-core-4.3.1.jar:?]
	at cucumber.runner.TestStep.executeStep(TestStep.java:65) [cucumber-core-4.3.1.jar:?]
	at cucumber.runner.TestStep.run(TestStep.java:50) [cucumber-core-4.3.1.jar:?]
	at cucumber.runner.PickleStepTestStep.run(PickleStepTestStep.java:43) [cucumber-core-4.3.1.jar:?]
	at cucumber.runner.TestCase.run(TestCase.java:46) [cucumber-core-4.3.1.jar:?]
	at cucumber.runner.Runner.runPickle(Runner.java:49) [cucumber-core-4.3.1.jar:?]
	at cucumber.runtime.junit.PickleRunners$NoStepDescriptions.run(PickleRunners.java:146) [cucumber-junit-4.3.1.jar:?]
	at cucumber.runtime.junit.FeatureRunner.runChild(FeatureRunner.java:68) [cucumber-junit-4.3.1.jar:?]
	at cucumber.runtime.junit.FeatureRunner.runChild(FeatureRunner.java:23) [cucumber-junit-4.3.1.jar:?]
	at org.junit.runners.ParentRunner$3.run(ParentRunner.java:238) [junit-4.11.jar:?]
	at org.junit.runners.ParentRunner$1.schedule(ParentRunner.java:63) [junit-4.11.jar:?]
	at org.junit.runners.ParentRunner.runChildren(ParentRunner.java:236) [junit-4.11.jar:?]
	at org.junit.runners.ParentRunner.access$000(ParentRunner.java:53) [junit-4.11.jar:?]
	at org.junit.runners.ParentRunner$2.evaluate(ParentRunner.java:229) [junit-4.11.jar:?]
	at org.junit.runners.ParentRunner.run(ParentRunner.java:309) [junit-4.11.jar:?]
	at cucumber.runtime.junit.FeatureRunner.run(FeatureRunner.java:73) [cucumber-junit-4.3.1.jar:?]
	at cucumber.api.junit.Cucumber.runChild(Cucumber.java:123) [cucumber-junit-4.3.1.jar:?]
	at cucumber.api.junit.Cucumber.runChild(Cucumber.java:65) [cucumber-junit-4.3.1.jar:?]
	at org.junit.runners.ParentRunner$3.run(ParentRunner.java:238) [junit-4.11.jar:?]
	at org.junit.runners.ParentRunner$1.schedule(ParentRunner.java:63) [junit-4.11.jar:?]
	at org.junit.runners.ParentRunner.runChildren(ParentRunner.java:236) [junit-4.11.jar:?]
	at org.junit.runners.ParentRunner.access$000(ParentRunner.java:53) [junit-4.11.jar:?]
	at org.junit.runners.ParentRunner$2.evaluate(ParentRunner.java:229) [junit-4.11.jar:?]
	at cucumber.api.junit.Cucumber$RunCucumber.evaluate(Cucumber.java:147) [cucumber-junit-4.3.1.jar:?]
	at org.junit.runners.ParentRunner.run(ParentRunner.java:309) [junit-4.11.jar:?]
	at org.apache.maven.surefire.junit4.JUnit4Provider.execute(JUnit4Provider.java:365) [surefire-junit4-2.22.0.jar:2.22.0]
	at org.apache.maven.surefire.junit4.JUnit4Provider.executeWithRerun(JUnit4Provider.java:273) [surefire-junit4-2.22.0.jar:2.22.0]
	at org.apache.maven.surefire.junit4.JUnit4Provider.executeTestSet(JUnit4Provider.java:238) [surefire-junit4-2.22.0.jar:2.22.0]
	at org.apache.maven.surefire.junit4.JUnit4Provider.invoke(JUnit4Provider.java:159) [surefire-junit4-2.22.0.jar:2.22.0]
	at org.apache.maven.surefire.booter.ForkedBooter.invokeProviderInSameClassLoader(ForkedBooter.java:383) [surefire-booter-2.22.0.jar:2.22.0]
	at org.apache.maven.surefire.booter.ForkedBooter.runSuitesInProcess(ForkedBooter.java:344) [surefire-booter-2.22.0.jar:2.22.0]
	at org.apache.maven.surefire.booter.ForkedBooter.execute(ForkedBooter.java:125) [surefire-booter-2.22.0.jar:2.22.0]
	at org.apache.maven.surefire.booter.ForkedBooter.main(ForkedBooter.java:417) [surefire-booter-2.22.0.jar:2.22.0]
Caused by: java.io.FileNotFoundException: https://acutesttraining.atlassian.net/rest/api/2/issue/CDAFSBX-13/
	at java.base/sun.net.www.protocol.http.HttpURLConnection.getInputStream0(HttpURLConnection.java:1909) ~[?:?]
	at java.base/sun.net.www.protocol.http.HttpURLConnection.getInputStream(HttpURLConnection.java:1509) ~[?:?]
	at java.base/java.net.HttpURLConnection.getResponseCode(HttpURLConnection.java:527) ~[?:?]
	at java.base/sun.net.www.protocol.https.HttpsURLConnectionImpl.getResponseCode(HttpsURLConnectionImpl.java:330) ~[?:?]
	at com.acutest.cdaf.jiraapi.JiraApi.request(JiraApi.java:96) ~[jira-api-1.0.0-SNAPSHOT.jar:?]
	... 44 more
[TRACE] 20190717T153651.225+0100 [main] JiraCukeHooks - Executing afterScenarioOrExample
[TRACE] 20190717T153651.226+0100 [main] JiraCukeHooks - Scenario name: Read jira description through Jira API
[TRACE] 20190717T153651.226+0100 [main] JiraCukeHooks - Scenario id   : file:src/test/resources/cucumber/features/jiraapi/ExtractScenarioDescriptionFromJIRA.feature:7
[TRACE] 20190717T153651.226+0100 [main] JiraCukeHooks - Aferscenario, scenario tags   : [@jiraapi-test]
[TRACE] 20190717T153651.355+0100 [Thread-0] JiraCukeHooks - Executing shutdownHook.
[TRACE] 20190717T153651.360+0100 [Thread-0] JiraCukeHooks - Executing afterAll
[TRACE] 20190717T154129.717+0100 [main] JiraCukeHooks - Executing beforeAll, about to check 'dunit' value
[TRACE] 20190717T154129.719+0100 [main] JiraCukeHooks - Initialising before first scenario.
[DEBUG] 20190717T154129.721+0100 [main] JiraApi - File DOES exist
[TRACE] 20190717T154129.765+0100 [main] Hooks - Executing beforeAll, about to check 'dunit' value
[TRACE] 20190717T154129.767+0100 [main] Hooks - Initialising before first scenario.
[TRACE] 20190717T154129.876+0100 [main] JiraCukeHooks - Executing beforeScenario
[TRACE] 20190717T154129.876+0100 [main] JiraCukeHooks - Entered getTagIssueKeys
[TRACE] 20190717T154129.878+0100 [main] JiraCukeHooks - Checking scenario exists? : true
[TRACE] 20190717T154129.888+0100 [main] JiraCukeHooks - Jira issue keys found in scenario tags: 
[DEBUG] 20190717T154129.897+0100 [main] Hooks - @Before scenario Check title of issue PUBLICA-1
[DEBUG] 20190717T154129.898+0100 [main] IssueInstance - Tam Sending get request for resource:  /rest/api/2/issue/CDAFSBX-13/
[DEBUG] 20190717T154129.898+0100 [main] Hooks - @web
[DEBUG] 20190717T154129.899+0100 [main] Hooks - @dev
[DEBUG] 20190717T154129.899+0100 [main] JiraApi - About to create new URL object
[DEBUG] 20190717T154129.900+0100 [main] JiraApi - About to open uri https://acutesttraining.atlassian.net/rest/api/2/issue/CDAFSBX-13/
[DEBUG] 20190717T154130.526+0100 [main] JiraApi - Connection open
[TRACE] 20190717T154130.540+0100 [main] JiraApi - GETing to https://acutesttraining.atlassian.net/rest/api/2/issue/CDAFSBX-13/
[TRACE] 20190717T154131.237+0100 [main] JiraApi - Request response code: 404
[TRACE] 20190717T154131.238+0100 [main] JiraApi - Request response message: null
[DEBUG] 20190717T154131.238+0100 [main] JiraApi - https://acutesttraining.atlassian.net/rest/api/2/issue/CDAFSBX-13/
java.io.FileNotFoundException: https://acutesttraining.atlassian.net/rest/api/2/issue/CDAFSBX-13/
	at java.base/jdk.internal.reflect.NativeConstructorAccessorImpl.newInstance0(Native Method) ~[?:?]
	at java.base/jdk.internal.reflect.NativeConstructorAccessorImpl.newInstance(NativeConstructorAccessorImpl.java:62) ~[?:?]
	at java.base/jdk.internal.reflect.DelegatingConstructorAccessorImpl.newInstance(DelegatingConstructorAccessorImpl.java:45) ~[?:?]
	at java.base/java.lang.reflect.Constructor.newInstanceWithCaller(Constructor.java:500) ~[?:?]
	at java.base/java.lang.reflect.Constructor.newInstance(Constructor.java:481) ~[?:?]
	at java.base/sun.net.www.protocol.http.HttpURLConnection$10.run(HttpURLConnection.java:1963) ~[?:?]
	at java.base/sun.net.www.protocol.http.HttpURLConnection$10.run(HttpURLConnection.java:1958) ~[?:?]
	at java.base/java.security.AccessController.doPrivileged(AccessController.java:551) ~[?:?]
	at java.base/sun.net.www.protocol.http.HttpURLConnection.getChainedException(HttpURLConnection.java:1957) ~[?:?]
	at java.base/sun.net.www.protocol.http.HttpURLConnection.getInputStream0(HttpURLConnection.java:1525) ~[?:?]
	at java.base/sun.net.www.protocol.http.HttpURLConnection.getInputStream(HttpURLConnection.java:1509) ~[?:?]
	at java.base/sun.net.www.protocol.https.HttpsURLConnectionImpl.getInputStream(HttpsURLConnectionImpl.java:246) ~[?:?]
	at com.acutest.cdaf.jiraapi.JiraApi.request(JiraApi.java:104) [jira-api-1.0.0-SNAPSHOT.jar:?]
	at com.acutest.cdaf.jiraapi.JiraApi.request(JiraApi.java:51) [jira-api-1.0.0-SNAPSHOT.jar:?]
	at com.acutest.cdaf.jiraapi.IssueInstance.loadIssue(IssueInstance.java:125) [jira-api-1.0.0-SNAPSHOT.jar:?]
	at com.acutest.cdaf.jiraapi.stepdefs.JiraApiStepDefs.the_Jira_api_loads_the_issue(JiraApiStepDefs.java:72) [jira-api-1.0.0-SNAPSHOT.jar:?]
	at java.base/jdk.internal.reflect.NativeMethodAccessorImpl.invoke0(Native Method) ~[?:?]
	at java.base/jdk.internal.reflect.NativeMethodAccessorImpl.invoke(NativeMethodAccessorImpl.java:62) ~[?:?]
	at java.base/jdk.internal.reflect.DelegatingMethodAccessorImpl.invoke(DelegatingMethodAccessorImpl.java:43) ~[?:?]
	at java.base/java.lang.reflect.Method.invoke(Method.java:567) ~[?:?]
	at cucumber.runtime.Utils$1.call(Utils.java:26) [cucumber-core-4.3.1.jar:?]
	at cucumber.runtime.Timeout.timeout(Timeout.java:16) [cucumber-core-4.3.1.jar:?]
	at cucumber.runtime.Utils.invoke(Utils.java:20) [cucumber-core-4.3.1.jar:?]
	at cucumber.runtime.java.JavaStepDefinition.execute(JavaStepDefinition.java:57) [cucumber-java-4.3.1.jar:?]
	at cucumber.runner.PickleStepDefinitionMatch.runStep(PickleStepDefinitionMatch.java:50) [cucumber-core-4.3.1.jar:?]
	at cucumber.runner.TestStep.executeStep(TestStep.java:65) [cucumber-core-4.3.1.jar:?]
	at cucumber.runner.TestStep.run(TestStep.java:50) [cucumber-core-4.3.1.jar:?]
	at cucumber.runner.PickleStepTestStep.run(PickleStepTestStep.java:43) [cucumber-core-4.3.1.jar:?]
	at cucumber.runner.TestCase.run(TestCase.java:46) [cucumber-core-4.3.1.jar:?]
	at cucumber.runner.Runner.runPickle(Runner.java:49) [cucumber-core-4.3.1.jar:?]
	at cucumber.runtime.junit.PickleRunners$NoStepDescriptions.run(PickleRunners.java:146) [cucumber-junit-4.3.1.jar:?]
	at cucumber.runtime.junit.FeatureRunner.runChild(FeatureRunner.java:68) [cucumber-junit-4.3.1.jar:?]
	at cucumber.runtime.junit.FeatureRunner.runChild(FeatureRunner.java:23) [cucumber-junit-4.3.1.jar:?]
	at org.junit.runners.ParentRunner$3.run(ParentRunner.java:238) [junit-4.11.jar:?]
	at org.junit.runners.ParentRunner$1.schedule(ParentRunner.java:63) [junit-4.11.jar:?]
	at org.junit.runners.ParentRunner.runChildren(ParentRunner.java:236) [junit-4.11.jar:?]
	at org.junit.runners.ParentRunner.access$000(ParentRunner.java:53) [junit-4.11.jar:?]
	at org.junit.runners.ParentRunner$2.evaluate(ParentRunner.java:229) [junit-4.11.jar:?]
	at org.junit.runners.ParentRunner.run(ParentRunner.java:309) [junit-4.11.jar:?]
	at cucumber.runtime.junit.FeatureRunner.run(FeatureRunner.java:73) [cucumber-junit-4.3.1.jar:?]
	at cucumber.api.junit.Cucumber.runChild(Cucumber.java:123) [cucumber-junit-4.3.1.jar:?]
	at cucumber.api.junit.Cucumber.runChild(Cucumber.java:65) [cucumber-junit-4.3.1.jar:?]
	at org.junit.runners.ParentRunner$3.run(ParentRunner.java:238) [junit-4.11.jar:?]
	at org.junit.runners.ParentRunner$1.schedule(ParentRunner.java:63) [junit-4.11.jar:?]
	at org.junit.runners.ParentRunner.runChildren(ParentRunner.java:236) [junit-4.11.jar:?]
	at org.junit.runners.ParentRunner.access$000(ParentRunner.java:53) [junit-4.11.jar:?]
	at org.junit.runners.ParentRunner$2.evaluate(ParentRunner.java:229) [junit-4.11.jar:?]
	at cucumber.api.junit.Cucumber$RunCucumber.evaluate(Cucumber.java:147) [cucumber-junit-4.3.1.jar:?]
	at org.junit.runners.ParentRunner.run(ParentRunner.java:309) [junit-4.11.jar:?]
	at org.apache.maven.surefire.junit4.JUnit4Provider.execute(JUnit4Provider.java:365) [surefire-junit4-2.22.0.jar:2.22.0]
	at org.apache.maven.surefire.junit4.JUnit4Provider.executeWithRerun(JUnit4Provider.java:273) [surefire-junit4-2.22.0.jar:2.22.0]
	at org.apache.maven.surefire.junit4.JUnit4Provider.executeTestSet(JUnit4Provider.java:238) [surefire-junit4-2.22.0.jar:2.22.0]
	at org.apache.maven.surefire.junit4.JUnit4Provider.invoke(JUnit4Provider.java:159) [surefire-junit4-2.22.0.jar:2.22.0]
	at org.apache.maven.surefire.booter.ForkedBooter.invokeProviderInSameClassLoader(ForkedBooter.java:383) [surefire-booter-2.22.0.jar:2.22.0]
	at org.apache.maven.surefire.booter.ForkedBooter.runSuitesInProcess(ForkedBooter.java:344) [surefire-booter-2.22.0.jar:2.22.0]
	at org.apache.maven.surefire.booter.ForkedBooter.execute(ForkedBooter.java:125) [surefire-booter-2.22.0.jar:2.22.0]
	at org.apache.maven.surefire.booter.ForkedBooter.main(ForkedBooter.java:417) [surefire-booter-2.22.0.jar:2.22.0]
Caused by: java.io.FileNotFoundException: https://acutesttraining.atlassian.net/rest/api/2/issue/CDAFSBX-13/
	at java.base/sun.net.www.protocol.http.HttpURLConnection.getInputStream0(HttpURLConnection.java:1909) ~[?:?]
	at java.base/sun.net.www.protocol.http.HttpURLConnection.getInputStream(HttpURLConnection.java:1509) ~[?:?]
	at java.base/java.net.HttpURLConnection.getResponseCode(HttpURLConnection.java:527) ~[?:?]
	at java.base/sun.net.www.protocol.https.HttpsURLConnectionImpl.getResponseCode(HttpsURLConnectionImpl.java:330) ~[?:?]
	at com.acutest.cdaf.jiraapi.JiraApi.request(JiraApi.java:96) ~[jira-api-1.0.0-SNAPSHOT.jar:?]
	... 44 more
[WARN ] 20190717T154131.252+0100 [main] JiraApi - https://acutesttraining.atlassian.net/rest/api/2/issue/CDAFSBX-13/
java.io.FileNotFoundException: https://acutesttraining.atlassian.net/rest/api/2/issue/CDAFSBX-13/
	at java.base/jdk.internal.reflect.NativeConstructorAccessorImpl.newInstance0(Native Method) ~[?:?]
	at java.base/jdk.internal.reflect.NativeConstructorAccessorImpl.newInstance(NativeConstructorAccessorImpl.java:62) ~[?:?]
	at java.base/jdk.internal.reflect.DelegatingConstructorAccessorImpl.newInstance(DelegatingConstructorAccessorImpl.java:45) ~[?:?]
	at java.base/java.lang.reflect.Constructor.newInstanceWithCaller(Constructor.java:500) ~[?:?]
	at java.base/java.lang.reflect.Constructor.newInstance(Constructor.java:481) ~[?:?]
	at java.base/sun.net.www.protocol.http.HttpURLConnection$10.run(HttpURLConnection.java:1963) ~[?:?]
	at java.base/sun.net.www.protocol.http.HttpURLConnection$10.run(HttpURLConnection.java:1958) ~[?:?]
	at java.base/java.security.AccessController.doPrivileged(AccessController.java:551) ~[?:?]
	at java.base/sun.net.www.protocol.http.HttpURLConnection.getChainedException(HttpURLConnection.java:1957) ~[?:?]
	at java.base/sun.net.www.protocol.http.HttpURLConnection.getInputStream0(HttpURLConnection.java:1525) ~[?:?]
	at java.base/sun.net.www.protocol.http.HttpURLConnection.getInputStream(HttpURLConnection.java:1509) ~[?:?]
	at java.base/sun.net.www.protocol.https.HttpsURLConnectionImpl.getInputStream(HttpsURLConnectionImpl.java:246) ~[?:?]
	at com.acutest.cdaf.jiraapi.JiraApi.request(JiraApi.java:104) [jira-api-1.0.0-SNAPSHOT.jar:?]
	at com.acutest.cdaf.jiraapi.JiraApi.request(JiraApi.java:51) [jira-api-1.0.0-SNAPSHOT.jar:?]
	at com.acutest.cdaf.jiraapi.IssueInstance.loadIssue(IssueInstance.java:125) [jira-api-1.0.0-SNAPSHOT.jar:?]
	at com.acutest.cdaf.jiraapi.stepdefs.JiraApiStepDefs.the_Jira_api_loads_the_issue(JiraApiStepDefs.java:72) [jira-api-1.0.0-SNAPSHOT.jar:?]
	at java.base/jdk.internal.reflect.NativeMethodAccessorImpl.invoke0(Native Method) ~[?:?]
	at java.base/jdk.internal.reflect.NativeMethodAccessorImpl.invoke(NativeMethodAccessorImpl.java:62) ~[?:?]
	at java.base/jdk.internal.reflect.DelegatingMethodAccessorImpl.invoke(DelegatingMethodAccessorImpl.java:43) ~[?:?]
	at java.base/java.lang.reflect.Method.invoke(Method.java:567) ~[?:?]
	at cucumber.runtime.Utils$1.call(Utils.java:26) [cucumber-core-4.3.1.jar:?]
	at cucumber.runtime.Timeout.timeout(Timeout.java:16) [cucumber-core-4.3.1.jar:?]
	at cucumber.runtime.Utils.invoke(Utils.java:20) [cucumber-core-4.3.1.jar:?]
	at cucumber.runtime.java.JavaStepDefinition.execute(JavaStepDefinition.java:57) [cucumber-java-4.3.1.jar:?]
	at cucumber.runner.PickleStepDefinitionMatch.runStep(PickleStepDefinitionMatch.java:50) [cucumber-core-4.3.1.jar:?]
	at cucumber.runner.TestStep.executeStep(TestStep.java:65) [cucumber-core-4.3.1.jar:?]
	at cucumber.runner.TestStep.run(TestStep.java:50) [cucumber-core-4.3.1.jar:?]
	at cucumber.runner.PickleStepTestStep.run(PickleStepTestStep.java:43) [cucumber-core-4.3.1.jar:?]
	at cucumber.runner.TestCase.run(TestCase.java:46) [cucumber-core-4.3.1.jar:?]
	at cucumber.runner.Runner.runPickle(Runner.java:49) [cucumber-core-4.3.1.jar:?]
	at cucumber.runtime.junit.PickleRunners$NoStepDescriptions.run(PickleRunners.java:146) [cucumber-junit-4.3.1.jar:?]
	at cucumber.runtime.junit.FeatureRunner.runChild(FeatureRunner.java:68) [cucumber-junit-4.3.1.jar:?]
	at cucumber.runtime.junit.FeatureRunner.runChild(FeatureRunner.java:23) [cucumber-junit-4.3.1.jar:?]
	at org.junit.runners.ParentRunner$3.run(ParentRunner.java:238) [junit-4.11.jar:?]
	at org.junit.runners.ParentRunner$1.schedule(ParentRunner.java:63) [junit-4.11.jar:?]
	at org.junit.runners.ParentRunner.runChildren(ParentRunner.java:236) [junit-4.11.jar:?]
	at org.junit.runners.ParentRunner.access$000(ParentRunner.java:53) [junit-4.11.jar:?]
	at org.junit.runners.ParentRunner$2.evaluate(ParentRunner.java:229) [junit-4.11.jar:?]
	at org.junit.runners.ParentRunner.run(ParentRunner.java:309) [junit-4.11.jar:?]
	at cucumber.runtime.junit.FeatureRunner.run(FeatureRunner.java:73) [cucumber-junit-4.3.1.jar:?]
	at cucumber.api.junit.Cucumber.runChild(Cucumber.java:123) [cucumber-junit-4.3.1.jar:?]
	at cucumber.api.junit.Cucumber.runChild(Cucumber.java:65) [cucumber-junit-4.3.1.jar:?]
	at org.junit.runners.ParentRunner$3.run(ParentRunner.java:238) [junit-4.11.jar:?]
	at org.junit.runners.ParentRunner$1.schedule(ParentRunner.java:63) [junit-4.11.jar:?]
	at org.junit.runners.ParentRunner.runChildren(ParentRunner.java:236) [junit-4.11.jar:?]
	at org.junit.runners.ParentRunner.access$000(ParentRunner.java:53) [junit-4.11.jar:?]
	at org.junit.runners.ParentRunner$2.evaluate(ParentRunner.java:229) [junit-4.11.jar:?]
	at cucumber.api.junit.Cucumber$RunCucumber.evaluate(Cucumber.java:147) [cucumber-junit-4.3.1.jar:?]
	at org.junit.runners.ParentRunner.run(ParentRunner.java:309) [junit-4.11.jar:?]
	at org.apache.maven.surefire.junit4.JUnit4Provider.execute(JUnit4Provider.java:365) [surefire-junit4-2.22.0.jar:2.22.0]
	at org.apache.maven.surefire.junit4.JUnit4Provider.executeWithRerun(JUnit4Provider.java:273) [surefire-junit4-2.22.0.jar:2.22.0]
	at org.apache.maven.surefire.junit4.JUnit4Provider.executeTestSet(JUnit4Provider.java:238) [surefire-junit4-2.22.0.jar:2.22.0]
	at org.apache.maven.surefire.junit4.JUnit4Provider.invoke(JUnit4Provider.java:159) [surefire-junit4-2.22.0.jar:2.22.0]
	at org.apache.maven.surefire.booter.ForkedBooter.invokeProviderInSameClassLoader(ForkedBooter.java:383) [surefire-booter-2.22.0.jar:2.22.0]
	at org.apache.maven.surefire.booter.ForkedBooter.runSuitesInProcess(ForkedBooter.java:344) [surefire-booter-2.22.0.jar:2.22.0]
	at org.apache.maven.surefire.booter.ForkedBooter.execute(ForkedBooter.java:125) [surefire-booter-2.22.0.jar:2.22.0]
	at org.apache.maven.surefire.booter.ForkedBooter.main(ForkedBooter.java:417) [surefire-booter-2.22.0.jar:2.22.0]
Caused by: java.io.FileNotFoundException: https://acutesttraining.atlassian.net/rest/api/2/issue/CDAFSBX-13/
	at java.base/sun.net.www.protocol.http.HttpURLConnection.getInputStream0(HttpURLConnection.java:1909) ~[?:?]
	at java.base/sun.net.www.protocol.http.HttpURLConnection.getInputStream(HttpURLConnection.java:1509) ~[?:?]
	at java.base/java.net.HttpURLConnection.getResponseCode(HttpURLConnection.java:527) ~[?:?]
	at java.base/sun.net.www.protocol.https.HttpsURLConnectionImpl.getResponseCode(HttpsURLConnectionImpl.java:330) ~[?:?]
	at com.acutest.cdaf.jiraapi.JiraApi.request(JiraApi.java:96) ~[jira-api-1.0.0-SNAPSHOT.jar:?]
	... 44 more
[TRACE] 20190717T154131.259+0100 [main] JiraCukeHooks - Executing afterScenarioOrExample
[TRACE] 20190717T154131.259+0100 [main] JiraCukeHooks - Scenario name: Read jira description through Jira API
[TRACE] 20190717T154131.259+0100 [main] JiraCukeHooks - Scenario id   : file:src/test/resources/cucumber/features/jiraapi/ExtractScenarioDescriptionFromJIRA.feature:7
[TRACE] 20190717T154131.259+0100 [main] JiraCukeHooks - Aferscenario, scenario tags   : [@jiraapi-test]
[TRACE] 20190717T154131.442+0100 [Thread-0] JiraCukeHooks - Executing shutdownHook.
[TRACE] 20190717T154131.447+0100 [Thread-0] JiraCukeHooks - Executing afterAll
[DEBUG] 20190717T154147.285+0100 [main] Hooks - @After scenario Check title of issue PUBLICA-1
[DEBUG] 20190717T154147.286+0100 [main] Hooks - @web
[DEBUG] 20190717T154147.286+0100 [main] Hooks - @dev
[TRACE] 20190717T154147.350+0100 [Thread-0] Hooks - Executing shutdownHook.
[TRACE] 20190717T154147.353+0100 [Thread-0] Hooks - Executing afterAll
[TRACE] 20190717T154421.923+0100 [main] Hooks - Executing beforeAll, about to check 'dunit' value
[TRACE] 20190717T154421.924+0100 [main] Hooks - Initialising before first scenario.
[TRACE] 20190717T154421.977+0100 [main] JiraCukeHooks - Executing beforeAll, about to check 'dunit' value
[TRACE] 20190717T154421.979+0100 [main] JiraCukeHooks - Initialising before first scenario.
[DEBUG] 20190717T154421.981+0100 [main] JiraApi - File DOES exist
[DEBUG] 20190717T154422.20+0100 [main] Hooks - @Before scenario Check title of issue PUBLICA-1
[DEBUG] 20190717T154422.21+0100 [main] Hooks - @web
[DEBUG] 20190717T154422.22+0100 [main] Hooks - @dev
[TRACE] 20190717T154422.90+0100 [main] JiraCukeHooks - Executing beforeScenario
[TRACE] 20190717T154422.90+0100 [main] JiraCukeHooks - Entered getTagIssueKeys
[TRACE] 20190717T154422.99+0100 [main] JiraCukeHooks - Checking scenario exists? : true
[TRACE] 20190717T154422.107+0100 [main] JiraCukeHooks - Jira issue keys found in scenario tags: 
[DEBUG] 20190717T154422.120+0100 [main] IssueInstance - Tam Sending get request for resource:  /rest/api/2/issue/CDAFSBX-13/
[DEBUG] 20190717T154422.121+0100 [main] JiraApi - About to create new URL object
[DEBUG] 20190717T154422.122+0100 [main] JiraApi - About to open uri https://acutesttraining.atlassian.net/rest/api/2/issue/CDAFSBX-13/
[DEBUG] 20190717T154422.793+0100 [main] JiraApi - Connection open
[TRACE] 20190717T154422.804+0100 [main] JiraApi - GETing to https://acutesttraining.atlassian.net/rest/api/2/issue/CDAFSBX-13/
[TRACE] 20190717T154423.704+0100 [main] JiraApi - Request response code: 404
[TRACE] 20190717T154423.704+0100 [main] JiraApi - Request response message: null
[DEBUG] 20190717T154423.704+0100 [main] JiraApi - https://acutesttraining.atlassian.net/rest/api/2/issue/CDAFSBX-13/
java.io.FileNotFoundException: https://acutesttraining.atlassian.net/rest/api/2/issue/CDAFSBX-13/
	at java.base/jdk.internal.reflect.NativeConstructorAccessorImpl.newInstance0(Native Method) ~[?:?]
	at java.base/jdk.internal.reflect.NativeConstructorAccessorImpl.newInstance(NativeConstructorAccessorImpl.java:62) ~[?:?]
	at java.base/jdk.internal.reflect.DelegatingConstructorAccessorImpl.newInstance(DelegatingConstructorAccessorImpl.java:45) ~[?:?]
	at java.base/java.lang.reflect.Constructor.newInstanceWithCaller(Constructor.java:500) ~[?:?]
	at java.base/java.lang.reflect.Constructor.newInstance(Constructor.java:481) ~[?:?]
	at java.base/sun.net.www.protocol.http.HttpURLConnection$10.run(HttpURLConnection.java:1963) ~[?:?]
	at java.base/sun.net.www.protocol.http.HttpURLConnection$10.run(HttpURLConnection.java:1958) ~[?:?]
	at java.base/java.security.AccessController.doPrivileged(AccessController.java:551) ~[?:?]
	at java.base/sun.net.www.protocol.http.HttpURLConnection.getChainedException(HttpURLConnection.java:1957) ~[?:?]
	at java.base/sun.net.www.protocol.http.HttpURLConnection.getInputStream0(HttpURLConnection.java:1525) ~[?:?]
	at java.base/sun.net.www.protocol.http.HttpURLConnection.getInputStream(HttpURLConnection.java:1509) ~[?:?]
	at java.base/sun.net.www.protocol.https.HttpsURLConnectionImpl.getInputStream(HttpsURLConnectionImpl.java:246) ~[?:?]
	at com.acutest.cdaf.jiraapi.JiraApi.request(JiraApi.java:104) [jira-api-1.0.0-SNAPSHOT.jar:?]
	at com.acutest.cdaf.jiraapi.JiraApi.request(JiraApi.java:51) [jira-api-1.0.0-SNAPSHOT.jar:?]
	at com.acutest.cdaf.jiraapi.IssueInstance.loadIssue(IssueInstance.java:125) [jira-api-1.0.0-SNAPSHOT.jar:?]
	at com.acutest.cdaf.jiraapi.stepdefs.JiraApiStepDefs.the_Jira_api_loads_the_issue(JiraApiStepDefs.java:72) [jira-api-1.0.0-SNAPSHOT.jar:?]
	at java.base/jdk.internal.reflect.NativeMethodAccessorImpl.invoke0(Native Method) ~[?:?]
	at java.base/jdk.internal.reflect.NativeMethodAccessorImpl.invoke(NativeMethodAccessorImpl.java:62) ~[?:?]
	at java.base/jdk.internal.reflect.DelegatingMethodAccessorImpl.invoke(DelegatingMethodAccessorImpl.java:43) ~[?:?]
	at java.base/java.lang.reflect.Method.invoke(Method.java:567) ~[?:?]
	at cucumber.runtime.Utils$1.call(Utils.java:26) [cucumber-core-4.3.1.jar:?]
	at cucumber.runtime.Timeout.timeout(Timeout.java:16) [cucumber-core-4.3.1.jar:?]
	at cucumber.runtime.Utils.invoke(Utils.java:20) [cucumber-core-4.3.1.jar:?]
	at cucumber.runtime.java.JavaStepDefinition.execute(JavaStepDefinition.java:57) [cucumber-java-4.3.1.jar:?]
	at cucumber.runner.PickleStepDefinitionMatch.runStep(PickleStepDefinitionMatch.java:50) [cucumber-core-4.3.1.jar:?]
	at cucumber.runner.TestStep.executeStep(TestStep.java:65) [cucumber-core-4.3.1.jar:?]
	at cucumber.runner.TestStep.run(TestStep.java:50) [cucumber-core-4.3.1.jar:?]
	at cucumber.runner.PickleStepTestStep.run(PickleStepTestStep.java:43) [cucumber-core-4.3.1.jar:?]
	at cucumber.runner.TestCase.run(TestCase.java:46) [cucumber-core-4.3.1.jar:?]
	at cucumber.runner.Runner.runPickle(Runner.java:49) [cucumber-core-4.3.1.jar:?]
	at cucumber.runtime.junit.PickleRunners$NoStepDescriptions.run(PickleRunners.java:146) [cucumber-junit-4.3.1.jar:?]
	at cucumber.runtime.junit.FeatureRunner.runChild(FeatureRunner.java:68) [cucumber-junit-4.3.1.jar:?]
	at cucumber.runtime.junit.FeatureRunner.runChild(FeatureRunner.java:23) [cucumber-junit-4.3.1.jar:?]
	at org.junit.runners.ParentRunner$3.run(ParentRunner.java:238) [junit-4.11.jar:?]
	at org.junit.runners.ParentRunner$1.schedule(ParentRunner.java:63) [junit-4.11.jar:?]
	at org.junit.runners.ParentRunner.runChildren(ParentRunner.java:236) [junit-4.11.jar:?]
	at org.junit.runners.ParentRunner.access$000(ParentRunner.java:53) [junit-4.11.jar:?]
	at org.junit.runners.ParentRunner$2.evaluate(ParentRunner.java:229) [junit-4.11.jar:?]
	at org.junit.runners.ParentRunner.run(ParentRunner.java:309) [junit-4.11.jar:?]
	at cucumber.runtime.junit.FeatureRunner.run(FeatureRunner.java:73) [cucumber-junit-4.3.1.jar:?]
	at cucumber.api.junit.Cucumber.runChild(Cucumber.java:123) [cucumber-junit-4.3.1.jar:?]
	at cucumber.api.junit.Cucumber.runChild(Cucumber.java:65) [cucumber-junit-4.3.1.jar:?]
	at org.junit.runners.ParentRunner$3.run(ParentRunner.java:238) [junit-4.11.jar:?]
	at org.junit.runners.ParentRunner$1.schedule(ParentRunner.java:63) [junit-4.11.jar:?]
	at org.junit.runners.ParentRunner.runChildren(ParentRunner.java:236) [junit-4.11.jar:?]
	at org.junit.runners.ParentRunner.access$000(ParentRunner.java:53) [junit-4.11.jar:?]
	at org.junit.runners.ParentRunner$2.evaluate(ParentRunner.java:229) [junit-4.11.jar:?]
	at cucumber.api.junit.Cucumber$RunCucumber.evaluate(Cucumber.java:147) [cucumber-junit-4.3.1.jar:?]
	at org.junit.runners.ParentRunner.run(ParentRunner.java:309) [junit-4.11.jar:?]
	at org.apache.maven.surefire.junit4.JUnit4Provider.execute(JUnit4Provider.java:365) [surefire-junit4-2.22.0.jar:2.22.0]
	at org.apache.maven.surefire.junit4.JUnit4Provider.executeWithRerun(JUnit4Provider.java:273) [surefire-junit4-2.22.0.jar:2.22.0]
	at org.apache.maven.surefire.junit4.JUnit4Provider.executeTestSet(JUnit4Provider.java:238) [surefire-junit4-2.22.0.jar:2.22.0]
	at org.apache.maven.surefire.junit4.JUnit4Provider.invoke(JUnit4Provider.java:159) [surefire-junit4-2.22.0.jar:2.22.0]
	at org.apache.maven.surefire.booter.ForkedBooter.invokeProviderInSameClassLoader(ForkedBooter.java:383) [surefire-booter-2.22.0.jar:2.22.0]
	at org.apache.maven.surefire.booter.ForkedBooter.runSuitesInProcess(ForkedBooter.java:344) [surefire-booter-2.22.0.jar:2.22.0]
	at org.apache.maven.surefire.booter.ForkedBooter.execute(ForkedBooter.java:125) [surefire-booter-2.22.0.jar:2.22.0]
	at org.apache.maven.surefire.booter.ForkedBooter.main(ForkedBooter.java:417) [surefire-booter-2.22.0.jar:2.22.0]
Caused by: java.io.FileNotFoundException: https://acutesttraining.atlassian.net/rest/api/2/issue/CDAFSBX-13/
	at java.base/sun.net.www.protocol.http.HttpURLConnection.getInputStream0(HttpURLConnection.java:1909) ~[?:?]
	at java.base/sun.net.www.protocol.http.HttpURLConnection.getInputStream(HttpURLConnection.java:1509) ~[?:?]
	at java.base/java.net.HttpURLConnection.getResponseCode(HttpURLConnection.java:527) ~[?:?]
	at java.base/sun.net.www.protocol.https.HttpsURLConnectionImpl.getResponseCode(HttpsURLConnectionImpl.java:330) ~[?:?]
	at com.acutest.cdaf.jiraapi.JiraApi.request(JiraApi.java:96) ~[jira-api-1.0.0-SNAPSHOT.jar:?]
	... 44 more
[WARN ] 20190717T154423.715+0100 [main] JiraApi - https://acutesttraining.atlassian.net/rest/api/2/issue/CDAFSBX-13/
java.io.FileNotFoundException: https://acutesttraining.atlassian.net/rest/api/2/issue/CDAFSBX-13/
	at java.base/jdk.internal.reflect.NativeConstructorAccessorImpl.newInstance0(Native Method) ~[?:?]
	at java.base/jdk.internal.reflect.NativeConstructorAccessorImpl.newInstance(NativeConstructorAccessorImpl.java:62) ~[?:?]
	at java.base/jdk.internal.reflect.DelegatingConstructorAccessorImpl.newInstance(DelegatingConstructorAccessorImpl.java:45) ~[?:?]
	at java.base/java.lang.reflect.Constructor.newInstanceWithCaller(Constructor.java:500) ~[?:?]
	at java.base/java.lang.reflect.Constructor.newInstance(Constructor.java:481) ~[?:?]
	at java.base/sun.net.www.protocol.http.HttpURLConnection$10.run(HttpURLConnection.java:1963) ~[?:?]
	at java.base/sun.net.www.protocol.http.HttpURLConnection$10.run(HttpURLConnection.java:1958) ~[?:?]
	at java.base/java.security.AccessController.doPrivileged(AccessController.java:551) ~[?:?]
	at java.base/sun.net.www.protocol.http.HttpURLConnection.getChainedException(HttpURLConnection.java:1957) ~[?:?]
	at java.base/sun.net.www.protocol.http.HttpURLConnection.getInputStream0(HttpURLConnection.java:1525) ~[?:?]
	at java.base/sun.net.www.protocol.http.HttpURLConnection.getInputStream(HttpURLConnection.java:1509) ~[?:?]
	at java.base/sun.net.www.protocol.https.HttpsURLConnectionImpl.getInputStream(HttpsURLConnectionImpl.java:246) ~[?:?]
	at com.acutest.cdaf.jiraapi.JiraApi.request(JiraApi.java:104) [jira-api-1.0.0-SNAPSHOT.jar:?]
	at com.acutest.cdaf.jiraapi.JiraApi.request(JiraApi.java:51) [jira-api-1.0.0-SNAPSHOT.jar:?]
	at com.acutest.cdaf.jiraapi.IssueInstance.loadIssue(IssueInstance.java:125) [jira-api-1.0.0-SNAPSHOT.jar:?]
	at com.acutest.cdaf.jiraapi.stepdefs.JiraApiStepDefs.the_Jira_api_loads_the_issue(JiraApiStepDefs.java:72) [jira-api-1.0.0-SNAPSHOT.jar:?]
	at java.base/jdk.internal.reflect.NativeMethodAccessorImpl.invoke0(Native Method) ~[?:?]
	at java.base/jdk.internal.reflect.NativeMethodAccessorImpl.invoke(NativeMethodAccessorImpl.java:62) ~[?:?]
	at java.base/jdk.internal.reflect.DelegatingMethodAccessorImpl.invoke(DelegatingMethodAccessorImpl.java:43) ~[?:?]
	at java.base/java.lang.reflect.Method.invoke(Method.java:567) ~[?:?]
	at cucumber.runtime.Utils$1.call(Utils.java:26) [cucumber-core-4.3.1.jar:?]
	at cucumber.runtime.Timeout.timeout(Timeout.java:16) [cucumber-core-4.3.1.jar:?]
	at cucumber.runtime.Utils.invoke(Utils.java:20) [cucumber-core-4.3.1.jar:?]
	at cucumber.runtime.java.JavaStepDefinition.execute(JavaStepDefinition.java:57) [cucumber-java-4.3.1.jar:?]
	at cucumber.runner.PickleStepDefinitionMatch.runStep(PickleStepDefinitionMatch.java:50) [cucumber-core-4.3.1.jar:?]
	at cucumber.runner.TestStep.executeStep(TestStep.java:65) [cucumber-core-4.3.1.jar:?]
	at cucumber.runner.TestStep.run(TestStep.java:50) [cucumber-core-4.3.1.jar:?]
	at cucumber.runner.PickleStepTestStep.run(PickleStepTestStep.java:43) [cucumber-core-4.3.1.jar:?]
	at cucumber.runner.TestCase.run(TestCase.java:46) [cucumber-core-4.3.1.jar:?]
	at cucumber.runner.Runner.runPickle(Runner.java:49) [cucumber-core-4.3.1.jar:?]
	at cucumber.runtime.junit.PickleRunners$NoStepDescriptions.run(PickleRunners.java:146) [cucumber-junit-4.3.1.jar:?]
	at cucumber.runtime.junit.FeatureRunner.runChild(FeatureRunner.java:68) [cucumber-junit-4.3.1.jar:?]
	at cucumber.runtime.junit.FeatureRunner.runChild(FeatureRunner.java:23) [cucumber-junit-4.3.1.jar:?]
	at org.junit.runners.ParentRunner$3.run(ParentRunner.java:238) [junit-4.11.jar:?]
	at org.junit.runners.ParentRunner$1.schedule(ParentRunner.java:63) [junit-4.11.jar:?]
	at org.junit.runners.ParentRunner.runChildren(ParentRunner.java:236) [junit-4.11.jar:?]
	at org.junit.runners.ParentRunner.access$000(ParentRunner.java:53) [junit-4.11.jar:?]
	at org.junit.runners.ParentRunner$2.evaluate(ParentRunner.java:229) [junit-4.11.jar:?]
	at org.junit.runners.ParentRunner.run(ParentRunner.java:309) [junit-4.11.jar:?]
	at cucumber.runtime.junit.FeatureRunner.run(FeatureRunner.java:73) [cucumber-junit-4.3.1.jar:?]
	at cucumber.api.junit.Cucumber.runChild(Cucumber.java:123) [cucumber-junit-4.3.1.jar:?]
	at cucumber.api.junit.Cucumber.runChild(Cucumber.java:65) [cucumber-junit-4.3.1.jar:?]
	at org.junit.runners.ParentRunner$3.run(ParentRunner.java:238) [junit-4.11.jar:?]
	at org.junit.runners.ParentRunner$1.schedule(ParentRunner.java:63) [junit-4.11.jar:?]
	at org.junit.runners.ParentRunner.runChildren(ParentRunner.java:236) [junit-4.11.jar:?]
	at org.junit.runners.ParentRunner.access$000(ParentRunner.java:53) [junit-4.11.jar:?]
	at org.junit.runners.ParentRunner$2.evaluate(ParentRunner.java:229) [junit-4.11.jar:?]
	at cucumber.api.junit.Cucumber$RunCucumber.evaluate(Cucumber.java:147) [cucumber-junit-4.3.1.jar:?]
	at org.junit.runners.ParentRunner.run(ParentRunner.java:309) [junit-4.11.jar:?]
	at org.apache.maven.surefire.junit4.JUnit4Provider.execute(JUnit4Provider.java:365) [surefire-junit4-2.22.0.jar:2.22.0]
	at org.apache.maven.surefire.junit4.JUnit4Provider.executeWithRerun(JUnit4Provider.java:273) [surefire-junit4-2.22.0.jar:2.22.0]
	at org.apache.maven.surefire.junit4.JUnit4Provider.executeTestSet(JUnit4Provider.java:238) [surefire-junit4-2.22.0.jar:2.22.0]
	at org.apache.maven.surefire.junit4.JUnit4Provider.invoke(JUnit4Provider.java:159) [surefire-junit4-2.22.0.jar:2.22.0]
	at org.apache.maven.surefire.booter.ForkedBooter.invokeProviderInSameClassLoader(ForkedBooter.java:383) [surefire-booter-2.22.0.jar:2.22.0]
	at org.apache.maven.surefire.booter.ForkedBooter.runSuitesInProcess(ForkedBooter.java:344) [surefire-booter-2.22.0.jar:2.22.0]
	at org.apache.maven.surefire.booter.ForkedBooter.execute(ForkedBooter.java:125) [surefire-booter-2.22.0.jar:2.22.0]
	at org.apache.maven.surefire.booter.ForkedBooter.main(ForkedBooter.java:417) [surefire-booter-2.22.0.jar:2.22.0]
Caused by: java.io.FileNotFoundException: https://acutesttraining.atlassian.net/rest/api/2/issue/CDAFSBX-13/
	at java.base/sun.net.www.protocol.http.HttpURLConnection.getInputStream0(HttpURLConnection.java:1909) ~[?:?]
	at java.base/sun.net.www.protocol.http.HttpURLConnection.getInputStream(HttpURLConnection.java:1509) ~[?:?]
	at java.base/java.net.HttpURLConnection.getResponseCode(HttpURLConnection.java:527) ~[?:?]
	at java.base/sun.net.www.protocol.https.HttpsURLConnectionImpl.getResponseCode(HttpsURLConnectionImpl.java:330) ~[?:?]
	at com.acutest.cdaf.jiraapi.JiraApi.request(JiraApi.java:96) ~[jira-api-1.0.0-SNAPSHOT.jar:?]
	... 44 more
[TRACE] 20190717T154423.723+0100 [main] JiraCukeHooks - Executing afterScenarioOrExample
[TRACE] 20190717T154423.723+0100 [main] JiraCukeHooks - Scenario name: Read jira description through Jira API
[TRACE] 20190717T154423.724+0100 [main] JiraCukeHooks - Scenario id   : file:src/test/resources/cucumber/features/jiraapi/ExtractScenarioDescriptionFromJIRA.feature:7
[TRACE] 20190717T154423.724+0100 [main] JiraCukeHooks - Aferscenario, scenario tags   : [@jiraapi-test]
[TRACE] 20190717T154423.888+0100 [Thread-0] JiraCukeHooks - Executing shutdownHook.
[TRACE] 20190717T154423.888+0100 [Thread-0] JiraCukeHooks - Executing afterAll
[DEBUG] 20190717T154438.05+0100 [main] Hooks - @After scenario Check title of issue PUBLICA-1
[DEBUG] 20190717T154438.05+0100 [main] Hooks - @web
[DEBUG] 20190717T154438.05+0100 [main] Hooks - @dev
[TRACE] 20190717T154438.80+0100 [Thread-0] Hooks - Executing shutdownHook.
[TRACE] 20190717T154438.87+0100 [Thread-0] Hooks - Executing afterAll
[TRACE] 20190717T155036.21+0100 [main] Hooks - Executing beforeAll, about to check 'dunit' value
[TRACE] 20190717T155036.23+0100 [main] Hooks - Initialising before first scenario.
[TRACE] 20190717T155036.117+0100 [main] JiraCukeHooks - Executing beforeScenario
[TRACE] 20190717T155036.118+0100 [main] JiraCukeHooks - Entered getTagIssueKeys
[TRACE] 20190717T155036.120+0100 [main] JiraCukeHooks - Checking scenario exists? : true
[DEBUG] 20190717T155036.130+0100 [main] Hooks - @Before scenario Check title of issue PUBLICA-1
[TRACE] 20190717T155036.131+0100 [main] JiraCukeHooks - Jira issue keys found in scenario tags: 
[DEBUG] 20190717T155036.134+0100 [main] Hooks - @web
[TRACE] 20190717T155036.134+0100 [main] JiraCukeHooks - Executing beforeAll, about to check 'dunit' value
[DEBUG] 20190717T155036.134+0100 [main] Hooks - @dev
[TRACE] 20190717T155036.135+0100 [main] JiraCukeHooks - Initialising before first scenario.
[DEBUG] 20190717T155036.138+0100 [main] JiraApi - File DOES exist
[DEBUG] 20190717T155036.260+0100 [main] IssueInstance - Tam Sending get request for resource:  /rest/api/2/issue/CDAFSBX-13/
[DEBUG] 20190717T155036.261+0100 [main] JiraApi - About to create new URL object
[DEBUG] 20190717T155036.262+0100 [main] JiraApi - About to open uri https://acutesttraining.atlassian.net/rest/api/2/issue/CDAFSBX-13/
[DEBUG] 20190717T155037.128+0100 [main] JiraApi - Connection open
[TRACE] 20190717T155037.137+0100 [main] JiraApi - GETing to https://acutesttraining.atlassian.net/rest/api/2/issue/CDAFSBX-13/
[TRACE] 20190717T155037.934+0100 [main] JiraApi - Request response code: 404
[TRACE] 20190717T155037.934+0100 [main] JiraApi - Request response message: null
[DEBUG] 20190717T155037.935+0100 [main] JiraApi - https://acutesttraining.atlassian.net/rest/api/2/issue/CDAFSBX-13/
java.io.FileNotFoundException: https://acutesttraining.atlassian.net/rest/api/2/issue/CDAFSBX-13/
	at java.base/jdk.internal.reflect.NativeConstructorAccessorImpl.newInstance0(Native Method) ~[?:?]
	at java.base/jdk.internal.reflect.NativeConstructorAccessorImpl.newInstance(NativeConstructorAccessorImpl.java:62) ~[?:?]
	at java.base/jdk.internal.reflect.DelegatingConstructorAccessorImpl.newInstance(DelegatingConstructorAccessorImpl.java:45) ~[?:?]
	at java.base/java.lang.reflect.Constructor.newInstanceWithCaller(Constructor.java:500) ~[?:?]
	at java.base/java.lang.reflect.Constructor.newInstance(Constructor.java:481) ~[?:?]
	at java.base/sun.net.www.protocol.http.HttpURLConnection$10.run(HttpURLConnection.java:1963) ~[?:?]
	at java.base/sun.net.www.protocol.http.HttpURLConnection$10.run(HttpURLConnection.java:1958) ~[?:?]
	at java.base/java.security.AccessController.doPrivileged(AccessController.java:551) ~[?:?]
	at java.base/sun.net.www.protocol.http.HttpURLConnection.getChainedException(HttpURLConnection.java:1957) ~[?:?]
	at java.base/sun.net.www.protocol.http.HttpURLConnection.getInputStream0(HttpURLConnection.java:1525) ~[?:?]
	at java.base/sun.net.www.protocol.http.HttpURLConnection.getInputStream(HttpURLConnection.java:1509) ~[?:?]
	at java.base/sun.net.www.protocol.https.HttpsURLConnectionImpl.getInputStream(HttpsURLConnectionImpl.java:246) ~[?:?]
	at com.acutest.cdaf.jiraapi.JiraApi.request(JiraApi.java:104) [jira-api-1.0.0-SNAPSHOT.jar:?]
	at com.acutest.cdaf.jiraapi.JiraApi.request(JiraApi.java:51) [jira-api-1.0.0-SNAPSHOT.jar:?]
	at com.acutest.cdaf.jiraapi.IssueInstance.loadIssue(IssueInstance.java:125) [jira-api-1.0.0-SNAPSHOT.jar:?]
	at com.acutest.cdaf.jiraapi.stepdefs.JiraApiStepDefs.the_Jira_api_loads_the_issue(JiraApiStepDefs.java:72) [jira-api-1.0.0-SNAPSHOT.jar:?]
	at java.base/jdk.internal.reflect.NativeMethodAccessorImpl.invoke0(Native Method) ~[?:?]
	at java.base/jdk.internal.reflect.NativeMethodAccessorImpl.invoke(NativeMethodAccessorImpl.java:62) ~[?:?]
	at java.base/jdk.internal.reflect.DelegatingMethodAccessorImpl.invoke(DelegatingMethodAccessorImpl.java:43) ~[?:?]
	at java.base/java.lang.reflect.Method.invoke(Method.java:567) ~[?:?]
	at cucumber.runtime.Utils$1.call(Utils.java:26) [cucumber-core-4.3.1.jar:?]
	at cucumber.runtime.Timeout.timeout(Timeout.java:16) [cucumber-core-4.3.1.jar:?]
	at cucumber.runtime.Utils.invoke(Utils.java:20) [cucumber-core-4.3.1.jar:?]
	at cucumber.runtime.java.JavaStepDefinition.execute(JavaStepDefinition.java:57) [cucumber-java-4.3.1.jar:?]
	at cucumber.runner.PickleStepDefinitionMatch.runStep(PickleStepDefinitionMatch.java:50) [cucumber-core-4.3.1.jar:?]
	at cucumber.runner.TestStep.executeStep(TestStep.java:65) [cucumber-core-4.3.1.jar:?]
	at cucumber.runner.TestStep.run(TestStep.java:50) [cucumber-core-4.3.1.jar:?]
	at cucumber.runner.PickleStepTestStep.run(PickleStepTestStep.java:43) [cucumber-core-4.3.1.jar:?]
	at cucumber.runner.TestCase.run(TestCase.java:46) [cucumber-core-4.3.1.jar:?]
	at cucumber.runner.Runner.runPickle(Runner.java:49) [cucumber-core-4.3.1.jar:?]
	at cucumber.runtime.junit.PickleRunners$NoStepDescriptions.run(PickleRunners.java:146) [cucumber-junit-4.3.1.jar:?]
	at cucumber.runtime.junit.FeatureRunner.runChild(FeatureRunner.java:68) [cucumber-junit-4.3.1.jar:?]
	at cucumber.runtime.junit.FeatureRunner.runChild(FeatureRunner.java:23) [cucumber-junit-4.3.1.jar:?]
	at org.junit.runners.ParentRunner$3.run(ParentRunner.java:238) [junit-4.11.jar:?]
	at org.junit.runners.ParentRunner$1.schedule(ParentRunner.java:63) [junit-4.11.jar:?]
	at org.junit.runners.ParentRunner.runChildren(ParentRunner.java:236) [junit-4.11.jar:?]
	at org.junit.runners.ParentRunner.access$000(ParentRunner.java:53) [junit-4.11.jar:?]
	at org.junit.runners.ParentRunner$2.evaluate(ParentRunner.java:229) [junit-4.11.jar:?]
	at org.junit.runners.ParentRunner.run(ParentRunner.java:309) [junit-4.11.jar:?]
	at cucumber.runtime.junit.FeatureRunner.run(FeatureRunner.java:73) [cucumber-junit-4.3.1.jar:?]
	at cucumber.api.junit.Cucumber.runChild(Cucumber.java:123) [cucumber-junit-4.3.1.jar:?]
	at cucumber.api.junit.Cucumber.runChild(Cucumber.java:65) [cucumber-junit-4.3.1.jar:?]
	at org.junit.runners.ParentRunner$3.run(ParentRunner.java:238) [junit-4.11.jar:?]
	at org.junit.runners.ParentRunner$1.schedule(ParentRunner.java:63) [junit-4.11.jar:?]
	at org.junit.runners.ParentRunner.runChildren(ParentRunner.java:236) [junit-4.11.jar:?]
	at org.junit.runners.ParentRunner.access$000(ParentRunner.java:53) [junit-4.11.jar:?]
	at org.junit.runners.ParentRunner$2.evaluate(ParentRunner.java:229) [junit-4.11.jar:?]
	at cucumber.api.junit.Cucumber$RunCucumber.evaluate(Cucumber.java:147) [cucumber-junit-4.3.1.jar:?]
	at org.junit.runners.ParentRunner.run(ParentRunner.java:309) [junit-4.11.jar:?]
	at org.apache.maven.surefire.junit4.JUnit4Provider.execute(JUnit4Provider.java:365) [surefire-junit4-2.22.0.jar:2.22.0]
	at org.apache.maven.surefire.junit4.JUnit4Provider.executeWithRerun(JUnit4Provider.java:273) [surefire-junit4-2.22.0.jar:2.22.0]
	at org.apache.maven.surefire.junit4.JUnit4Provider.executeTestSet(JUnit4Provider.java:238) [surefire-junit4-2.22.0.jar:2.22.0]
	at org.apache.maven.surefire.junit4.JUnit4Provider.invoke(JUnit4Provider.java:159) [surefire-junit4-2.22.0.jar:2.22.0]
	at org.apache.maven.surefire.booter.ForkedBooter.invokeProviderInSameClassLoader(ForkedBooter.java:383) [surefire-booter-2.22.0.jar:2.22.0]
	at org.apache.maven.surefire.booter.ForkedBooter.runSuitesInProcess(ForkedBooter.java:344) [surefire-booter-2.22.0.jar:2.22.0]
	at org.apache.maven.surefire.booter.ForkedBooter.execute(ForkedBooter.java:125) [surefire-booter-2.22.0.jar:2.22.0]
	at org.apache.maven.surefire.booter.ForkedBooter.main(ForkedBooter.java:417) [surefire-booter-2.22.0.jar:2.22.0]
Caused by: java.io.FileNotFoundException: https://acutesttraining.atlassian.net/rest/api/2/issue/CDAFSBX-13/
	at java.base/sun.net.www.protocol.http.HttpURLConnection.getInputStream0(HttpURLConnection.java:1909) ~[?:?]
	at java.base/sun.net.www.protocol.http.HttpURLConnection.getInputStream(HttpURLConnection.java:1509) ~[?:?]
	at java.base/java.net.HttpURLConnection.getResponseCode(HttpURLConnection.java:527) ~[?:?]
	at java.base/sun.net.www.protocol.https.HttpsURLConnectionImpl.getResponseCode(HttpsURLConnectionImpl.java:330) ~[?:?]
	at com.acutest.cdaf.jiraapi.JiraApi.request(JiraApi.java:96) ~[jira-api-1.0.0-SNAPSHOT.jar:?]
	... 44 more
[WARN ] 20190717T155037.947+0100 [main] JiraApi - https://acutesttraining.atlassian.net/rest/api/2/issue/CDAFSBX-13/
java.io.FileNotFoundException: https://acutesttraining.atlassian.net/rest/api/2/issue/CDAFSBX-13/
	at java.base/jdk.internal.reflect.NativeConstructorAccessorImpl.newInstance0(Native Method) ~[?:?]
	at java.base/jdk.internal.reflect.NativeConstructorAccessorImpl.newInstance(NativeConstructorAccessorImpl.java:62) ~[?:?]
	at java.base/jdk.internal.reflect.DelegatingConstructorAccessorImpl.newInstance(DelegatingConstructorAccessorImpl.java:45) ~[?:?]
	at java.base/java.lang.reflect.Constructor.newInstanceWithCaller(Constructor.java:500) ~[?:?]
	at java.base/java.lang.reflect.Constructor.newInstance(Constructor.java:481) ~[?:?]
	at java.base/sun.net.www.protocol.http.HttpURLConnection$10.run(HttpURLConnection.java:1963) ~[?:?]
	at java.base/sun.net.www.protocol.http.HttpURLConnection$10.run(HttpURLConnection.java:1958) ~[?:?]
	at java.base/java.security.AccessController.doPrivileged(AccessController.java:551) ~[?:?]
	at java.base/sun.net.www.protocol.http.HttpURLConnection.getChainedException(HttpURLConnection.java:1957) ~[?:?]
	at java.base/sun.net.www.protocol.http.HttpURLConnection.getInputStream0(HttpURLConnection.java:1525) ~[?:?]
	at java.base/sun.net.www.protocol.http.HttpURLConnection.getInputStream(HttpURLConnection.java:1509) ~[?:?]
	at java.base/sun.net.www.protocol.https.HttpsURLConnectionImpl.getInputStream(HttpsURLConnectionImpl.java:246) ~[?:?]
	at com.acutest.cdaf.jiraapi.JiraApi.request(JiraApi.java:104) [jira-api-1.0.0-SNAPSHOT.jar:?]
	at com.acutest.cdaf.jiraapi.JiraApi.request(JiraApi.java:51) [jira-api-1.0.0-SNAPSHOT.jar:?]
	at com.acutest.cdaf.jiraapi.IssueInstance.loadIssue(IssueInstance.java:125) [jira-api-1.0.0-SNAPSHOT.jar:?]
	at com.acutest.cdaf.jiraapi.stepdefs.JiraApiStepDefs.the_Jira_api_loads_the_issue(JiraApiStepDefs.java:72) [jira-api-1.0.0-SNAPSHOT.jar:?]
	at java.base/jdk.internal.reflect.NativeMethodAccessorImpl.invoke0(Native Method) ~[?:?]
	at java.base/jdk.internal.reflect.NativeMethodAccessorImpl.invoke(NativeMethodAccessorImpl.java:62) ~[?:?]
	at java.base/jdk.internal.reflect.DelegatingMethodAccessorImpl.invoke(DelegatingMethodAccessorImpl.java:43) ~[?:?]
	at java.base/java.lang.reflect.Method.invoke(Method.java:567) ~[?:?]
	at cucumber.runtime.Utils$1.call(Utils.java:26) [cucumber-core-4.3.1.jar:?]
	at cucumber.runtime.Timeout.timeout(Timeout.java:16) [cucumber-core-4.3.1.jar:?]
	at cucumber.runtime.Utils.invoke(Utils.java:20) [cucumber-core-4.3.1.jar:?]
	at cucumber.runtime.java.JavaStepDefinition.execute(JavaStepDefinition.java:57) [cucumber-java-4.3.1.jar:?]
	at cucumber.runner.PickleStepDefinitionMatch.runStep(PickleStepDefinitionMatch.java:50) [cucumber-core-4.3.1.jar:?]
	at cucumber.runner.TestStep.executeStep(TestStep.java:65) [cucumber-core-4.3.1.jar:?]
	at cucumber.runner.TestStep.run(TestStep.java:50) [cucumber-core-4.3.1.jar:?]
	at cucumber.runner.PickleStepTestStep.run(PickleStepTestStep.java:43) [cucumber-core-4.3.1.jar:?]
	at cucumber.runner.TestCase.run(TestCase.java:46) [cucumber-core-4.3.1.jar:?]
	at cucumber.runner.Runner.runPickle(Runner.java:49) [cucumber-core-4.3.1.jar:?]
	at cucumber.runtime.junit.PickleRunners$NoStepDescriptions.run(PickleRunners.java:146) [cucumber-junit-4.3.1.jar:?]
	at cucumber.runtime.junit.FeatureRunner.runChild(FeatureRunner.java:68) [cucumber-junit-4.3.1.jar:?]
	at cucumber.runtime.junit.FeatureRunner.runChild(FeatureRunner.java:23) [cucumber-junit-4.3.1.jar:?]
	at org.junit.runners.ParentRunner$3.run(ParentRunner.java:238) [junit-4.11.jar:?]
	at org.junit.runners.ParentRunner$1.schedule(ParentRunner.java:63) [junit-4.11.jar:?]
	at org.junit.runners.ParentRunner.runChildren(ParentRunner.java:236) [junit-4.11.jar:?]
	at org.junit.runners.ParentRunner.access$000(ParentRunner.java:53) [junit-4.11.jar:?]
	at org.junit.runners.ParentRunner$2.evaluate(ParentRunner.java:229) [junit-4.11.jar:?]
	at org.junit.runners.ParentRunner.run(ParentRunner.java:309) [junit-4.11.jar:?]
	at cucumber.runtime.junit.FeatureRunner.run(FeatureRunner.java:73) [cucumber-junit-4.3.1.jar:?]
	at cucumber.api.junit.Cucumber.runChild(Cucumber.java:123) [cucumber-junit-4.3.1.jar:?]
	at cucumber.api.junit.Cucumber.runChild(Cucumber.java:65) [cucumber-junit-4.3.1.jar:?]
	at org.junit.runners.ParentRunner$3.run(ParentRunner.java:238) [junit-4.11.jar:?]
	at org.junit.runners.ParentRunner$1.schedule(ParentRunner.java:63) [junit-4.11.jar:?]
	at org.junit.runners.ParentRunner.runChildren(ParentRunner.java:236) [junit-4.11.jar:?]
	at org.junit.runners.ParentRunner.access$000(ParentRunner.java:53) [junit-4.11.jar:?]
	at org.junit.runners.ParentRunner$2.evaluate(ParentRunner.java:229) [junit-4.11.jar:?]
	at cucumber.api.junit.Cucumber$RunCucumber.evaluate(Cucumber.java:147) [cucumber-junit-4.3.1.jar:?]
	at org.junit.runners.ParentRunner.run(ParentRunner.java:309) [junit-4.11.jar:?]
	at org.apache.maven.surefire.junit4.JUnit4Provider.execute(JUnit4Provider.java:365) [surefire-junit4-2.22.0.jar:2.22.0]
	at org.apache.maven.surefire.junit4.JUnit4Provider.executeWithRerun(JUnit4Provider.java:273) [surefire-junit4-2.22.0.jar:2.22.0]
	at org.apache.maven.surefire.junit4.JUnit4Provider.executeTestSet(JUnit4Provider.java:238) [surefire-junit4-2.22.0.jar:2.22.0]
	at org.apache.maven.surefire.junit4.JUnit4Provider.invoke(JUnit4Provider.java:159) [surefire-junit4-2.22.0.jar:2.22.0]
	at org.apache.maven.surefire.booter.ForkedBooter.invokeProviderInSameClassLoader(ForkedBooter.java:383) [surefire-booter-2.22.0.jar:2.22.0]
	at org.apache.maven.surefire.booter.ForkedBooter.runSuitesInProcess(ForkedBooter.java:344) [surefire-booter-2.22.0.jar:2.22.0]
	at org.apache.maven.surefire.booter.ForkedBooter.execute(ForkedBooter.java:125) [surefire-booter-2.22.0.jar:2.22.0]
	at org.apache.maven.surefire.booter.ForkedBooter.main(ForkedBooter.java:417) [surefire-booter-2.22.0.jar:2.22.0]
Caused by: java.io.FileNotFoundException: https://acutesttraining.atlassian.net/rest/api/2/issue/CDAFSBX-13/
	at java.base/sun.net.www.protocol.http.HttpURLConnection.getInputStream0(HttpURLConnection.java:1909) ~[?:?]
	at java.base/sun.net.www.protocol.http.HttpURLConnection.getInputStream(HttpURLConnection.java:1509) ~[?:?]
	at java.base/java.net.HttpURLConnection.getResponseCode(HttpURLConnection.java:527) ~[?:?]
	at java.base/sun.net.www.protocol.https.HttpsURLConnectionImpl.getResponseCode(HttpsURLConnectionImpl.java:330) ~[?:?]
	at com.acutest.cdaf.jiraapi.JiraApi.request(JiraApi.java:96) ~[jira-api-1.0.0-SNAPSHOT.jar:?]
	... 44 more
[TRACE] 20190717T155037.953+0100 [main] JiraCukeHooks - Executing afterScenarioOrExample
[TRACE] 20190717T155037.954+0100 [main] JiraCukeHooks - Scenario name: Read jira description through Jira API
[TRACE] 20190717T155037.954+0100 [main] JiraCukeHooks - Scenario id   : file:src/test/resources/cucumber/features/jiraapi/ExtractScenarioDescriptionFromJIRA.feature:7
[TRACE] 20190717T155037.954+0100 [main] JiraCukeHooks - Aferscenario, scenario tags   : [@jiraapi-test]
[TRACE] 20190717T155038.915+0100 [Thread-0] JiraCukeHooks - Executing shutdownHook.
[TRACE] 20190717T155038.916+0100 [Thread-0] JiraCukeHooks - Executing afterAll
[DEBUG] 20190717T155058.991+0100 [main] Hooks - @After scenario Check title of issue PUBLICA-1
[DEBUG] 20190717T155058.992+0100 [main] Hooks - @web
[DEBUG] 20190717T155058.992+0100 [main] Hooks - @dev
[TRACE] 20190717T155059.45+0100 [Thread-0] Hooks - Executing shutdownHook.
[TRACE] 20190717T155059.49+0100 [Thread-0] Hooks - Executing afterAll
[TRACE] 20190717T160142.160+0100 [main] JiraCukeHooks - Executing beforeAll, about to check 'dunit' value
[TRACE] 20190717T160142.162+0100 [main] JiraCukeHooks - Initialising before first scenario.
[DEBUG] 20190717T160142.164+0100 [main] JiraApi - File DOES exist
[TRACE] 20190717T160142.290+0100 [main] JiraCukeHooks - Executing beforeScenario
[TRACE] 20190717T160142.290+0100 [main] JiraCukeHooks - Entered getTagIssueKeys
[TRACE] 20190717T160142.292+0100 [main] JiraCukeHooks - Checking scenario exists? : true
[TRACE] 20190717T160142.301+0100 [main] JiraCukeHooks - Jira issue keys found in scenario tags: 
[DEBUG] 20190717T160142.306+0100 [main] IssueInstance - Tam Sending get request for resource:  /rest/api/2/issue/CDAFSBX-13/
[DEBUG] 20190717T160142.307+0100 [main] JiraApi - About to create new URL object
[DEBUG] 20190717T160142.308+0100 [main] JiraApi - About to open uri https://acutesttraining.atlassian.net/rest/api/2/issue/CDAFSBX-13/
[DEBUG] 20190717T160142.316+0100 [main] Hooks - @Before scenario Check title of issue PUBLICA-1
[DEBUG] 20190717T160142.326+0100 [main] Hooks - @web
[DEBUG] 20190717T160142.326+0100 [main] Hooks - @dev
[TRACE] 20190717T160142.332+0100 [main] Hooks - Executing beforeAll, about to check 'dunit' value
[TRACE] 20190717T160142.332+0100 [main] Hooks - Initialising before first scenario.
[DEBUG] 20190717T160143.61+0100 [main] JiraApi - Connection open
[TRACE] 20190717T160143.72+0100 [main] JiraApi - GETing to https://acutesttraining.atlassian.net/rest/api/2/issue/CDAFSBX-13/
[TRACE] 20190717T160144.596+0100 [main] JiraApi - Request response code: 200
[TRACE] 20190717T160144.596+0100 [main] JiraApi - Request response message: null
[TRACE] 20190717T160144.596+0100 [main] JiraApi - About to read connection in buffer
[TRACE] 20190717T160144.604+0100 [main] JiraApi - Response body initial chars: {"expand":"renderedFields,names,schema,operations,editmeta,changelog,versionedRepresentations","id":
[TRACE] 20190717T160144.616+0100 [main] JiraCukeHooks - Executing afterScenarioOrExample
[TRACE] 20190717T160144.616+0100 [main] JiraCukeHooks - Scenario name: Read jira description through Jira API
[TRACE] 20190717T160144.616+0100 [main] JiraCukeHooks - Scenario id   : file:src/test/resources/cucumber/features/jiraapi/ExtractScenarioDescriptionFromJIRA.feature:7
[TRACE] 20190717T160144.617+0100 [main] JiraCukeHooks - Aferscenario, scenario tags   : [@jiraapi-test]
[TRACE] 20190717T160144.832+0100 [Thread-0] JiraCukeHooks - Executing shutdownHook.
[TRACE] 20190717T160144.839+0100 [Thread-0] JiraCukeHooks - Executing afterAll
[DEBUG] 20190717T160159.410+0100 [main] Hooks - @After scenario Check title of issue PUBLICA-1
[DEBUG] 20190717T160159.410+0100 [main] Hooks - @web
[DEBUG] 20190717T160159.410+0100 [main] Hooks - @dev
[TRACE] 20190717T160159.527+0100 [Thread-0] Hooks - Executing shutdownHook.
[TRACE] 20190717T160159.531+0100 [Thread-0] Hooks - Executing afterAll
[TRACE] 20190717T160342.807+0100 [main] JiraCukeHooks - Executing beforeAll, about to check 'dunit' value
[TRACE] 20190717T160342.811+0100 [main] JiraCukeHooks - Initialising before first scenario.
[DEBUG] 20190717T160342.813+0100 [main] JiraApi - File DOES exist
[TRACE] 20190717T160342.996+0100 [main] JiraCukeHooks - Executing beforeScenario
[TRACE] 20190717T160342.996+0100 [main] JiraCukeHooks - Entered getTagIssueKeys
[TRACE] 20190717T160342.998+0100 [main] JiraCukeHooks - Checking scenario exists? : true
[TRACE] 20190717T160343.06+0100 [main] JiraCukeHooks - Jira issue keys found in scenario tags: 
[DEBUG] 20190717T160343.22+0100 [main] IssueInstance - Tam Sending get request for resource:  /rest/api/2/issue/CDAFSBX-13/
[DEBUG] 20190717T160343.21+0100 [main] Hooks - @Before scenario Check title of issue PUBLICA-1
[DEBUG] 20190717T160343.23+0100 [main] JiraApi - About to create new URL object
[DEBUG] 20190717T160343.24+0100 [main] Hooks - @web
[DEBUG] 20190717T160343.24+0100 [main] JiraApi - About to open uri https://acutesttraining.atlassian.net/rest/api/2/issue/CDAFSBX-13/
[DEBUG] 20190717T160343.24+0100 [main] Hooks - @dev
[TRACE] 20190717T160343.32+0100 [main] Hooks - Executing beforeAll, about to check 'dunit' value
[TRACE] 20190717T160343.32+0100 [main] Hooks - Initialising before first scenario.
[DEBUG] 20190717T160343.765+0100 [main] JiraApi - Connection open
[TRACE] 20190717T160343.775+0100 [main] JiraApi - GETing to https://acutesttraining.atlassian.net/rest/api/2/issue/CDAFSBX-13/
[TRACE] 20190717T160344.727+0100 [main] JiraApi - Request response code: 200
[TRACE] 20190717T160344.728+0100 [main] JiraApi - Request response message: null
[TRACE] 20190717T160344.728+0100 [main] JiraApi - About to read connection in buffer
[TRACE] 20190717T160344.732+0100 [main] JiraApi - Response body initial chars: {"expand":"renderedFields,names,schema,operations,editmeta,changelog,versionedRepresentations","id":
[TRACE] 20190717T160344.742+0100 [main] JiraCukeHooks - Executing afterScenarioOrExample
[TRACE] 20190717T160344.742+0100 [main] JiraCukeHooks - Scenario name: Read jira description through Jira API
[TRACE] 20190717T160344.743+0100 [main] JiraCukeHooks - Scenario id   : file:src/test/resources/cucumber/features/jiraapi/ExtractScenarioDescriptionFromJIRA.feature:7
[TRACE] 20190717T160344.743+0100 [main] JiraCukeHooks - Aferscenario, scenario tags   : [@jiraapi-test]
[TRACE] 20190717T160344.892+0100 [Thread-0] JiraCukeHooks - Executing shutdownHook.
[TRACE] 20190717T160344.895+0100 [Thread-0] JiraCukeHooks - Executing afterAll
[DEBUG] 20190717T160359.613+0100 [main] Hooks - @After scenario Check title of issue PUBLICA-1
[DEBUG] 20190717T160359.614+0100 [main] Hooks - @web
[DEBUG] 20190717T160359.614+0100 [main] Hooks - @dev
[TRACE] 20190717T160359.681+0100 [Thread-0] Hooks - Executing shutdownHook.
[TRACE] 20190717T160359.682+0100 [Thread-0] Hooks - Executing afterAll
